=======START LOGGING=======
14:10:27.314 00001c38  <log> [factory]  RegisterModule cls=WaveShaperImage
14:10:27.314 00001c38  <log> [factory]  RegisterModule cls=WaveShaper
14:10:27.314 00001c38  <log> [factory]  RegisterModule cls=WaveShaper
14:10:27.314 00001c38  <log> [factory]  RegisterModule cls=MemBuffer
14:10:27.314 00001c38  <log> [factory]  RegisterModule cls=FTDI_Cheetah_PortManager
14:10:27.314 00001c38  <dbg> [factory]  CreateModule cid=FTDI_Cheetah_PortManager iid=IPortManager
14:10:27.314 00001c38  <log> [factory]  RegisterModule cls=WSSimPort
14:10:27.314 00001c38  <log> [factory]  RegisterModule cls=ComPort
14:10:27.314 00001c38  <log> [factory]  RegisterModule cls=FTDIComPort
14:10:27.314 00001c38  <log> [factory]  RegisterModule cls=FTDISPIPort
14:10:27.326 00001c38  <log> [factory]  RegisterModule cls=CheetahSPIPort
14:10:27.326 00001c38  <log> [_wsapi_]  Initialize WaveShaperAPI, version=2.7.3
14:10:27.326 00001c38  <log> [_wsapi_]  +ws_create_waveshaper ws=SN201904
14:10:27.326 00001c38  <dbg> [factory]  CreateModule cid=WaveShaper iid=IWaveShaper
14:10:27.326 00001c38  <dbg> [factory]  CreateModule cid=WaveShaperImage iid=IWaveShaperImage
14:10:27.326 00001c38  <dbg> [factory]  CreateModule cid=MemBuffer iid=IMemBuffer
14:10:27.326 00001c38  <dbg> [factory]  CreateModule cid=MemBuffer iid=IMemBuffer
14:10:27.326 00001c38  <dbg> [factory]  CreateModule cid=MemBuffer iid=IMemBuffer
14:10:27.326 00001c38  <dbg> [factory]  CreateModule cid=MemBuffer iid=IMemBuffer
<LOG>CIOHOGGGLJEOCCPNLPFMLGDGHEFLFBPJGMKCKMNLLJJFGKKCNPBEACMIEPPLKFDCFMBGGOOMBOLLBNMPIDENKHHLDEPCHADCFNBOLMIGCHDGLNDMBEPOHGGPEGMOGPMHDHOODOFGPAIAHDBD</LOG>
14:10:27.326 00001c38  <log> [wsimage]  LoadCalibration rc=-1 profiling=0(ms)
14:10:27.326 00001c38  <log> [wvshaper] CloseWaveShaper
14:10:27.326 00001c38  <log> [wvshaper] WaveShaper Deleted id=
14:10:27.326 00001c38  <log> [wsimage]  WaveShaperImage Deleted
14:10:27.326 00001c38  <log> [_wsapi_]  -ws_create_waveshaper rc=-1
14:10:27.326 00001c38  <log> [_wsapi_]  +ws_create_waveshaper ws=SN201904
14:10:27.326 00001c38  <dbg> [factory]  CreateModule cid=WaveShaper iid=IWaveShaper
14:10:27.326 00001c38  <dbg> [factory]  CreateModule cid=WaveShaperImage iid=IWaveShaperImage
14:10:27.326 00001c38  <dbg> [factory]  CreateModule cid=MemBuffer iid=IMemBuffer
14:10:27.326 00001c38  <dbg> [factory]  CreateModule cid=MemBuffer iid=IMemBuffer
14:10:27.326 00001c38  <dbg> [factory]  CreateModule cid=MemBuffer iid=IMemBuffer
14:10:27.326 00001c38  <dbg> [factory]  CreateModule cid=MemBuffer iid=IMemBuffer
<LOG>CIOHOGGGLJEOCCPNLPFMLGDGHEFLFBPJGMKCKMNLLJJFGKKCNPBEACMIEPPLKFDCFMBGGOOMBOLLBNMPIDENKHHLDEPCHADCFNBOLMIGCHDGLNDMBEPOHGGPEGMOGPMHDHOODOFGPAIAHDBD</LOG>
14:10:27.326 00001c38  <log> [wsimage]  LoadCalibration rc=-1 profiling=0(ms)
14:10:27.326 00001c38  <log> [wvshaper] CloseWaveShaper
14:10:27.326 00001c38  <log> [wvshaper] WaveShaper Deleted id=
14:10:27.326 00001c38  <log> [wsimage]  WaveShaperImage Deleted
14:10:27.326 00001c38  <log> [_wsapi_]  -ws_create_waveshaper rc=-1
=======START LOGGING=======
00:07:01.307 00005b78  <log> [factory]  RegisterModule cls=WaveShaperImage
00:07:01.307 00005b78  <log> [factory]  RegisterModule cls=WaveShaper
00:07:01.307 00005b78  <log> [factory]  RegisterModule cls=WaveShaper
00:07:01.307 00005b78  <log> [factory]  RegisterModule cls=MemBuffer
00:07:01.307 00005b78  <log> [factory]  RegisterModule cls=FTDI_Cheetah_PortManager
00:07:01.307 00005b78  <dbg> [factory]  CreateModule cid=FTDI_Cheetah_PortManager iid=IPortManager
00:07:01.307 00005b78  <log> [factory]  RegisterModule cls=WSSimPort
00:07:01.307 00005b78  <log> [factory]  RegisterModule cls=ComPort
00:07:01.307 00005b78  <log> [factory]  RegisterModule cls=FTDIComPort
00:07:01.307 00005b78  <log> [factory]  RegisterModule cls=FTDISPIPort
00:07:01.307 00005b78  <log> [factory]  RegisterModule cls=CheetahSPIPort
00:07:01.307 00005b78  <log> [_wsapi_]  Initialize WaveShaperAPI, version=2.7.3
00:07:01.307 00005b78  <log> [_wsapi_]  +ws_create_waveshaper ws=SN201904
00:07:01.307 00005b78  <dbg> [factory]  CreateModule cid=WaveShaper iid=IWaveShaper
00:07:01.307 00005b78  <dbg> [factory]  CreateModule cid=WaveShaperImage iid=IWaveShaperImage
00:07:01.307 00005b78  <dbg> [factory]  CreateModule cid=MemBuffer iid=IMemBuffer
00:07:01.307 00005b78  <dbg> [factory]  CreateModule cid=MemBuffer iid=IMemBuffer
00:07:01.307 00005b78  <dbg> [factory]  CreateModule cid=MemBuffer iid=IMemBuffer
00:07:01.307 00005b78  <dbg> [factory]  CreateModule cid=MemBuffer iid=IMemBuffer
<LOG>AMDAFNFBILAPDKJMBBGAAPFDGGPGMFBBLNNJJLLMEDCKHLKNNPBEACMIEPPLKFDCFMBGGOOMBOLLBNMPIDENKHHLDEPCHADCFNBOLMIGCHDGLNDMBEPOHGGPEGMOGPMHDHOODOFGPAIAHDBD</LOG>
00:07:01.307 00005b78  <log> [wsimage]  LoadCalibration rc=-1 profiling=0(ms)
00:07:01.307 00005b78  <log> [wvshaper] CloseWaveShaper
00:07:01.307 00005b78  <log> [wvshaper] WaveShaper Deleted id=
00:07:01.307 00005b78  <log> [wsimage]  WaveShaperImage Deleted
00:07:01.307 00005b78  <log> [_wsapi_]  -ws_create_waveshaper rc=-1
00:07:01.307 00005b78  <log> [_wsapi_]  +ws_create_waveshaper ws=SN201904
00:07:01.307 00005b78  <dbg> [factory]  CreateModule cid=WaveShaper iid=IWaveShaper
00:07:01.307 00005b78  <dbg> [factory]  CreateModule cid=WaveShaperImage iid=IWaveShaperImage
00:07:01.307 00005b78  <dbg> [factory]  CreateModule cid=MemBuffer iid=IMemBuffer
00:07:01.307 00005b78  <dbg> [factory]  CreateModule cid=MemBuffer iid=IMemBuffer
00:07:01.307 00005b78  <dbg> [factory]  CreateModule cid=MemBuffer iid=IMemBuffer
00:07:01.307 00005b78  <dbg> [factory]  CreateModule cid=MemBuffer iid=IMemBuffer
<LOG>AMDAFNFBILAPDKJMBBGAAPFDGGPGMFBBLNNJJLLMEDCKHLKNNPBEACMIEPPLKFDCFMBGGOOMBOLLBNMPIDENKHHLDEPCHADCFNBOLMIGCHDGLNDMBEPOHGGPEGMOGPMHDHOODOFGPAIAHDBD</LOG>
00:07:01.307 00005b78  <log> [wsimage]  LoadCalibration rc=-1 profiling=0(ms)
00:07:01.307 00005b78  <log> [wvshaper] CloseWaveShaper
00:07:01.307 00005b78  <log> [wvshaper] WaveShaper Deleted id=
00:07:01.307 00005b78  <log> [wsimage]  WaveShaperImage Deleted
00:07:01.307 00005b78  <log> [_wsapi_]  -ws_create_waveshaper rc=-1
=======START LOGGING=======
00:39:16.327 000049d0  <log> [factory]  RegisterModule cls=WaveShaperImage
00:39:16.329 000049d0  <log> [factory]  RegisterModule cls=WaveShaper
00:39:16.329 000049d0  <log> [factory]  RegisterModule cls=WaveShaper
00:39:16.329 000049d0  <log> [factory]  RegisterModule cls=MemBuffer
00:39:16.329 000049d0  <log> [factory]  RegisterModule cls=FTDI_Cheetah_PortManager
00:39:16.329 000049d0  <dbg> [factory]  CreateModule cid=FTDI_Cheetah_PortManager iid=IPortManager
00:39:16.329 000049d0  <log> [factory]  RegisterModule cls=WSSimPort
00:39:16.329 000049d0  <log> [factory]  RegisterModule cls=ComPort
00:39:16.329 000049d0  <log> [factory]  RegisterModule cls=FTDIComPort
00:39:16.329 000049d0  <log> [factory]  RegisterModule cls=FTDISPIPort
00:39:16.329 000049d0  <log> [factory]  RegisterModule cls=CheetahSPIPort
00:39:16.329 000049d0  <log> [_wsapi_]  Initialize WaveShaperAPI, version=2.7.3
00:39:16.329 000049d0  <log> [_wsapi_]  +ws_create_waveshaper ws=SN201904
00:39:16.329 000049d0  <dbg> [factory]  CreateModule cid=WaveShaper iid=IWaveShaper
00:39:16.329 000049d0  <dbg> [factory]  CreateModule cid=WaveShaperImage iid=IWaveShaperImage
00:39:16.329 000049d0  <dbg> [factory]  CreateModule cid=MemBuffer iid=IMemBuffer
00:39:16.329 000049d0  <dbg> [factory]  CreateModule cid=MemBuffer iid=IMemBuffer
00:39:16.329 000049d0  <dbg> [factory]  CreateModule cid=MemBuffer iid=IMemBuffer
00:39:16.329 000049d0  <dbg> [factory]  CreateModule cid=MemBuffer iid=IMemBuffer
<LOG>DFDHGCMKIGCIGABEHKCBIKHNCACDNMHGLNMOKFADMIMHEAKDNPBEACMIEPPLKFDCFMBGGOOMBOLLBNMPCFEMJMGBPCIJILNLLOAHEAFPELDLPOHNJOBIPEOIOJFKPFOJ</LOG>
<LOG>DFDHGCMKIGCIGABEOIKHMJFFNOEJPNHBLNMOKFADMIMHEAKDNPBEACMIEPPLKFDCFMBGGOOMBOLLBNMPCOCHOFBHBNCFGKPJKFFPFNEEDCDKMKIJHCBNHFJAPBHFOPLJFBOMDFNNNEHHDGOGMAEPKPFJCLGGOMDP</LOG>
<LOG>DFDHGCMKIGCIGABEOIKHMJFFNOEJPNHBLNMOKFADMIMHEAKDNPBEACMIEPPLKFDCFMBGGOOMBOLLBNMPDKJBCIBBDFFIFJKPHAMAJIBDDHCEFJDG</LOG>
<LOG>DFDHGCMKIGCIGABEOIKHMJFFNOEJPNHBLNMOKFADMIMHEAKDNPBEACMIEPPLKFDCFMBGGOOMBOLLBNMPDKJBCIBBDFFIFJKPAABBCFOHGONGLBOA</LOG>
<LOG>DFDHGCMKIGCIGABEOIKHMJFFNOEJPNHBLNMOKFADMIMHEAKDNPBEACMIEPPLKFDCFMBGGOOMBOLLBNMPDKJBCIBBDFFIFJKPDLNDBLECAKONICKA</LOG>
<LOG>DFDHGCMKIGCIGABEOIKHMJFFNOEJPNHBLNMOKFADMIMHEAKDNPBEACMIEPPLKFDCFMBGGOOMBOLLBNMPDKJBCIBBDFFIFJKPHONKGIGPAIFNEBMH</LOG>
<LOG>DFDHGCMKIGCIGABEOAHJKIIKMBNANDOGLNMOKFADMIMHEAKDNPBEACMIEPPLKFDCFMBGGOOMBOLLBNMPDKJBCIBBDFFIFJKPGLLLOELCCFHKEKLI</LOG>
<LOG>DFDHGCMKIGCIGABEOAHJKIIKMBNANDOGLNMOKFADMIMHEAKDNPBEACMIEPPLKFDCFMBGGOOMBOLLBNMPDKJBCIBBDFFIFJKPFHFJFDLJCCBKDKJO</LOG>
<LOG>DFDHGCMKIGCIGABEOAHJKIIKMBNANDOGLNMOKFADMIMHEAKDNPBEACMIEPPLKFDCFMBGGOOMBOLLBNMPDKJBCIBBDFFIFJKPIGDGJNJHNCLCGKNJ</LOG>
<LOG>DFDHGCMKIGCIGABEOAHJKIIKMBNANDOGLNMOKFADMIMHEAKDNPBEACMIEPPLKFDCFMBGGOOMBOLLBNMPDKJBCIBBDFFIFJKPLFBCNMEMCBBEOCGA</LOG>
<LOG>DFDHGCMKIGCIGABEOAHJKIIKMBNANDOGLNMOKFADMIMHEAKDNPBEACMIEPPLKFDCFMBGGOOMBOLLBNMPDKJBCIBBDFFIFJKPPDLHMLOLNLOPIMDK</LOG>
<LOG>DFDHGCMKIGCIGABEOAHJKIIKMBNANDOGLNMOKFADMIMHEAKDNPBEACMIEPPLKFDCFMBGGOOMBOLLBNMPDKJBCIBBDFFIFJKPAIPIJDDDPDAGHAKG</LOG>
<LOG>DFDHGCMKIGCIGABEOAHJKIIKMBNANDOGLNMOKFADMIMHEAKDNPBEACMIEPPLKFDCFMBGGOOMBOLLBNMPDKJBCIBBDFFIFJKPCIDKMDFJDEEACMCK</LOG>
<LOG>DFDHGCMKIGCIGABEOAHJKIIKMBNANDOGLNMOKFADMIMHEAKDNPBEACMIEPPLKFDCFMBGGOOMBOLLBNMPDKJBCIBBDFFIFJKPJMKBHALBFKHIDIPLCACDHMCAKBMBBIDJ</LOG>
<LOG>DFDHGCMKIGCIGABEOAHJKIIKMBNANDOGLNMOKFADMIMHEAKDNPBEACMIEPPLKFDCFMBGGOOMBOLLBNMPDKJBCIBBDFFIFJKPGCIJFKGBEJCAGBIC</LOG>
<LOG>DFDHGCMKIGCIGABEOAHJKIIKMBNANDOGLNMOKFADMIMHEAKDNPBEACMIEPPLKFDCFMBGGOOMBOLLBNMPDKJBCIBBDFFIFJKPOOMHMMMEJCOBCPOD</LOG>
<LOG>DFDHGCMKIGCIGABEFCPLMNPNNMDJAEJOLNMOKFADMIMHEAKDNPBEACMIEPPLKFDCFMBGGOOMBOLLBNMPBINDNGBCPBPGGHGBJBIMEGKHKMDBNDAIAHKFEENGLIAJGFGI</LOG>
<LOG>DFDHGCMKIGCIGABEFCPLMNPNNMDJAEJOLNMOKFADMIMHEAKDNPBEACMIEPPLKFDCFMBGGOOMBOLLBNMPPFKMJPCCEDMANDBFHBJECHDIEDIEIBKLBLPFFPPPLJIDFLLBEBOBJIKKHKHLOMID</LOG>
<LOG>DFDHGCMKIGCIGABEFCPLMNPNNMDJAEJOLNMOKFADMIMHEAKDNPBEACMIEPPLKFDCFMBGGOOMBOLLBNMPMEIELENCDJDIAMLFALNKPNANOFLONBJDIAPMNMKLPCNOFGGLFODIOLFHKHGLALKL</LOG>
<LOG>DFDHGCMKIGCIGABEFCPLMNPNNMDJAEJOLNMOKFADMIMHEAKDNPBEACMIEPPLKFDCFMBGGOOMBOLLBNMPDJOBPKKLOFGPMFMKIGHCIHKHEAGCHBGMPOGGPCDFMNBIHKKF</LOG>
<LOG>DFDHGCMKIGCIGABEFCPLMNPNNMDJAEJOLNMOKFADMIMHEAKDNPBEACMIEPPLKFDCFMBGGOOMBOLLBNMPIFIBEFAFJGIHAKLAKEMLPMJDDBBFKBEBAGFFNACBLPILHPKO</LOG>
<LOG>DFDHGCMKIGCIGABEFCPLMNPNNMDJAEJOLNMOKFADMIMHEAKDNPBEACMIEPPLKFDCFMBGGOOMBOLLBNMPDPLGPLHAOJJLPCPJJGEJJECEPDBNLNHCEHDDCIMALMAMAMJE</LOG>
<LOG>DFDHGCMKIGCIGABEFCPLMNPNNMDJAEJOLNMOKFADMIMHEAKDNPBEACMIEPPLKFDCFMBGGOOMBOLLBNMPHHODADKCHAJFCPJLCIIBACOECNCAJMPHDPELPGFJGIKOFPGC</LOG>
<LOG>DFDHGCMKIGCIGABEFCPLMNPNNMDJAEJOLNMOKFADMIMHEAKDNPBEACMIEPPLKFDCFMBGGOOMBOLLBNMPOGFFIEFFOPBNLFBBBLONLIJCDLMKIKIB</LOG>
<LOG>DFDHGCMKIGCIGABEFCPLMNPNNMDJAEJOLNMOKFADMIMHEAKDNPBEACMIEPPLKFDCFMBGGOOMBOLLBNMPKMGKPJMMLLPBFFHPMOOMNLMNPMKBPFLD</LOG>
<LOG>DFDHGCMKIGCIGABEFCPLMNPNNMDJAEJOLNMOKFADMIMHEAKDNPBEACMIEPPLKFDCFMBGGOOMBOLLBNMPDBIBEPIJGDNJLHPNKAILNBOICKECHLLHMMKHDHMMNNLGCNJKDAPCACICJAKIMGKOIKEDOBEALJLJMDFLJMKALENKIMEFBJHCIEELOMHGBFOFJCLL</LOG>
<LOG>DFDHGCMKIGCIGABEFCPLMNPNNMDJAEJOLNMOKFADMIMHEAKDNPBEACMIEPPLKFDCFMBGGOOMBOLLBNMPBIBIGNGPADPJABHOHGJPPEIBBIHDNFCIKHOOPDNBLKBLOHGK</LOG>
<LOG>DFDHGCMKIGCIGABEFCPLMNPNNMDJAEJOLNMOKFADMIMHEAKDNPBEACMIEPPLKFDCFMBGGOOMBOLLBNMPDPGPFNBLGNKMBJEJMOFAKJNNIMAAJBMPFACJOFGHNJJPAGEM</LOG>
<LOG>DFDHGCMKIGCIGABEFCPLMNPNNMDJAEJOLNMOKFADMIMHEAKDNPBEACMIEPPLKFDCFMBGGOOMBOLLBNMPIFKIFKHLJHFGHOOBJADKGAOCGBOAOELFCFPIBPAPHDABLHCN</LOG>
<LOG>DFDHGCMKIGCIGABEFCPLMNPNNMDJAEJOLNMOKFADMIMHEAKDNPBEACMIEPPLKFDCFMBGGOOMBOLLBNMPHLOKMCEKFDMACEPCLPDJPCHBMBJLNPNFCNJIOOIDBPOMPHFD</LOG>
<LOG>DFDHGCMKIGCIGABEFCPLMNPNNMDJAEJOLNMOKFADMIMHEAKDNPBEACMIEPPLKFDCFMBGGOOMBOLLBNMPCMKJMGMAGMIGPGLILADCCDKLOGJLKNGHNDMHNGKLFGDHALLPEHALDCIIHIBOIJLDLCMHIIDCNAKACGJCALBBHONOBDFKGAHGKBBKMPOGJIIOPBOM</LOG>
<LOG>DFDHGCMKIGCIGABEFCPLMNPNNMDJAEJOLNMOKFADMIMHEAKDNPBEACMIEPPLKFDCFMBGGOOMBOLLBNMPMCBCAONPDLCPJJMHGILGEEKICPACGCBMCCFINEMBPIAKLJJLFAOBENIMHOOKLLNNNILAINOOBBLNDNJBCHELMJOGOGMDMHNJ</LOG>
<LOG>DFDHGCMKIGCIGABEFCPLMNPNNMDJAEJOLNMOKFADMIMHEAKDNPBEACMIEPPLKFDCFMBGGOOMBOLLBNMPCNCJNKCMIEJIPPNDJPNMEMPAEDNOANOFAHDAJCPDPDNBNAFD</LOG>
<LOG>DFDHGCMKIGCIGABEFCPLMNPNNMDJAEJOLNMOKFADMIMHEAKDNPBEACMIEPPLKFDCFMBGGOOMBOLLBNMPFNFKJIKFOJJLDMLHNBKCDNIADKMPFBFADDLILBOGGLEGEMPM</LOG>
<LOG>DFDHGCMKIGCIGABEFCPLMNPNNMDJAEJOLNMOKFADMIMHEAKDNPBEACMIEPPLKFDCFMBGGOOMBOLLBNMPNCEDBIHJDPLCOOIOBALAIDDHJDLJOKJC</LOG>
<LOG>DFDHGCMKIGCIGABEFCPLMNPNNMDJAEJOLNMOKFADMIMHEAKDNPBEACMIEPPLKFDCFMBGGOOMBOLLBNMPAFPPHOBNEFGNBBHDGELLOPIFPPNBNOCOIELEEEMNLKMAIJKM</LOG>
<LOG>DFDHGCMKIGCIGABEFCPLMNPNNMDJAEJOLNMOKFADMIMHEAKDNPBEACMIEPPLKFDCFMBGGOOMBOLLBNMPAKAAMMBJIBBMJMFKIHBCHFPACKGNIHLOEEPCPONNGMNKHIPF</LOG>
<LOG>DFDHGCMKIGCIGABEFCPLMNPNNMDJAEJOLNMOKFADMIMHEAKDNPBEACMIEPPLKFDCFMBGGOOMBOLLBNMPKDIPNDCMFKMGMELIIKOBBKFKHEJHEFOGDCHIFMLIAPOKFFBGDEMFEOFNHILEHFGDFNJAKLFLIJJFKPECAAEMPFFLPILLCCGMBNLHMJCAMGNFKNAGDMCDLOEMIDPICIJF</LOG>
<LOG>DFDHGCMKIGCIGABEFCPLMNPNNMDJAEJOLNMOKFADMIMHEAKDNPBEACMIEPPLKFDCFMBGGOOMBOLLBNMPPFKMJPCCEDMANDBFHBJECHDIEDIEIBKLBDBEGDIFOFCDBCGBPOCMNIEMIJPOMKOCNNPBIJCHFNJNNJEN</LOG>
<LOG>DFDHGCMKIGCIGABEIHKPNGLHPMFEJNKJLNMOKFADMIMHEAKDNPBEACMIEPPLKFDCFMBGGOOMBOLLBNMPPFKMJPCCEDMANDBFHBJECHDIEDIEIBKLNKPHBIEKIAMJKOAPKKFAIKGHGJPDFNLLJNOIGHGJPIPIBPKJHHGAEOLICDBGOMAL</LOG>
<LOG>DFDHGCMKIGCIGABECJJKIPFCBOMJFKNALNMOKFADMIMHEAKDNPBEACMIEPPLKFDCFMBGGOOMBOLLBNMPMCBCAONPDLCPJJMHGILGEEKICPACGCBMJGMNIBPIGNJLIHFDPBAMDAINLOFPECPFEPNGLMPBEBMEPJDL</LOG>
<LOG>DFDHGCMKIGCIGABECJJKIPFCBOMJFKNALNMOKFADMIMHEAKDNPBEACMIEPPLKFDCFMBGGOOMBOLLBNMPPFKMJPCCEDMANDBFHBJECHDIEDIEIBKLLHGNNMHLANNLKJAJAJNIPFEMBPFMHFPL</LOG>
<LOG>DFDHGCMKIGCIGABECJJKIPFCBOMJFKNALNMOKFADMIMHEAKDNPBEACMIEPPLKFDCFMBGGOOMBOLLBNMPDKDNPJDIMGOFIODLFBMCPGKOPCGGBAHKKHOOPDNBLKBLOHGK</LOG>
<LOG>DFDHGCMKIGCIGABECJJKIPFCBOMJFKNALNMOKFADMIMHEAKDNPBEACMIEPPLKFDCFMBGGOOMBOLLBNMPDKDNPJDIMGOFIODLGBHCGBFGBDACNEIJGPACGMPCOBEDJLFPCPNLPIPKJPBBMAKB</LOG>
<LOG>DFDHGCMKIGCIGABEBDCGBFBGFNIFKKMNLNMOKFADMIMHEAKDNPBEACMIEPPLKFDCFMBGGOOMBOLLBNMPMCBCAONPDLCPJJMHGILGEEKICPACGCBMAEIKLPHFPGDDBJGIJHGBHDDHALBGHFIJ</LOG>
<LOG>DFDHGCMKIGCIGABEBDCGBFBGFNIFKKMNLNMOKFADMIMHEAKDNPBEACMIEPPLKFDCFMBGGOOMBOLLBNMPPFKMJPCCEDMANDBFHBJECHDIEDIEIBKLNHOBFEGNLEHDJJMABMLMKKPBFBODJFHFFEADGIENMGGLFOBN</LOG>
<LOG>DFDHGCMKIGCIGABEBDCGBFBGFNIFKKMNLNMOKFADMIMHEAKDNPBEACMIEPPLKFDCFMBGGOOMBOLLBNMPMCBCAONPDLCPJJMHGILGEEKICPACGCBMMJMOAGGFFCPFJJKFAANNJOJDAJKIJPJC</LOG>
<LOG>DFDHGCMKIGCIGABEBDCGBFBGFNIFKKMNLNMOKFADMIMHEAKDNPBEACMIEPPLKFDCFMBGGOOMBOLLBNMPLCGCPHCAFPJGGHNIAGEDBCDJBBDEOFPKPANPJHIAEFCOLNGL</LOG>
<LOG>DFDHGCMKIGCIGABEBDCGBFBGFNIFKKMNLNMOKFADMIMHEAKDNPBEACMIEPPLKFDCFMBGGOOMBOLLBNMPMCBCAONPDLCPJJMHGILGEEKICPACGCBMPJPICDAHHBNCLDIKCHELMJOGOGMDMHNJ</LOG>
<LOG>DFDHGCMKIGCIGABEBDCGBFBGFNIFKKMNLNMOKFADMIMHEAKDNPBEACMIEPPLKFDCFMBGGOOMBOLLBNMPPFKMJPCCEDMANDBFHBJECHDIEDIEIBKLIHBFMGEBFLNEMKMAJCAEMMFMFGBLFBMHBMLMKKPBFBODJFHFFEADGIENMGGLFOBN</LOG>
<LOG>DFDHGCMKIGCIGABEBIDPGBAMEIMCJEHPLNMOKFADMIMHEAKDNPBEACMIEPPLKFDCFMBGGOOMBOLLBNMPMCBCAONPDLCPJJMHFJHDNGENHGKAEOPEBMDLPAEFNECIJBIABLNNHFPBHPBAMGOG</LOG>
<LOG>DFDHGCMKIGCIGABEBIDPGBAMEIMCJEHPLNMOKFADMIMHEAKDNPBEACMIEPPLKFDCFMBGGOOMBOLLBNMPPFKMJPCCEDMANDBFHBJECHDIEDIEIBKLMDAHNNCKLDNAOPACDAJFENENDKNFHEJGHCGIBADAJHJBBBEPHJAOENFGAMCAAEKK</LOG>
<LOG>DFDHGCMKIGCIGABEBIDPGBAMEIMCJEHPLNMOKFADMIMHEAKDNPBEACMIEPPLKFDCFMBGGOOMBOLLBNMPMCBCAONPDLCPJJMHDHJJJOAPGGLBIMIKCIFMNDDNJBADEHBIOOGKKMDCJHHHIPEF</LOG>
<LOG>DFDHGCMKIGCIGABEBIDPGBAMEIMCJEHPLNMOKFADMIMHEAKDNPBEACMIEPPLKFDCFMBGGOOMBOLLBNMPJIPJNKKIJBAMGHOKHPHGKBKLKAIEPEONCBJNEPMFGJFKPAFDBGIGOAFMJONDCBBBJHLLDOIKJJODOOKMCJGCGJJBDCBKEMJKCHBOJHDMNCCBCIGOJNGFMOCHDDNCFPNODDCGHAEFFIJNBJMPOFPANLCLPGIBBPPDLJKNCNCNOFDABKAECKDHEKEMLNFLCLFMHDBCCCEEJGPIDKLH</LOG>
<LOG>DFDHGCMKIGCIGABEBIDPGBAMEIMCJEHPLNMOKFADMIMHEAKDNPBEACMIEPPLKFDCFMBGGOOMBOLLBNMPBGAIPOALPJLKFODBMFOILAFJFJHILKEGNMKLEAIEJDCCHLCOPCLKIPDMBIFEDHBN</LOG>
<LOG>DFDHGCMKIGCIGABEBIDPGBAMEIMCJEHPLNMOKFADMIMHEAKDNPBEACMIEPPLKFDCFMBGGOOMBOLLBNMPDOMAIPNEELGHJAFMJBIMEGKHKMDBNDAINFJMKGGBKMAMKMOH</LOG>
00:39:16.340 000049d0  <log> [wsimage]  LoadCalibration rc=0 profiling=12(ms)
00:39:16.340 000049d0  <log> [_wsapi_]  -ws_create_waveshaper rc=0
00:39:16.340 000049d0  <log> [_wsapi_]  +ws_open_waveshaper ws=SN201904
00:39:16.340 000049d0  <log> [wvshaper] OpenWaveShaper
00:39:18.032 000049d0  <log> [portmgr]  Enum FT4232 <WS201904D,201904,0>
00:39:24.259 000049d0  <log> [portmgr]  NLocatePort rc=0 profiling=7918(ms)
00:39:24.259 000049d0  <dbg> [factory]  CreateModule cid=FTDIComPort iid=IPort
<LOG>MDEPLPHNCPMPFKOLGFOBBJNFCBJKLOOOLNMOKFADMIMHEAKDIPMDONLIEEJPIHKAKJDAHCHDEEIACLIGINMBMMKAOELCIDDGHKIPKGHJNBGPFPAJAMIDABJKDCJIABMJGKFPMOOFOMCOHFHE</LOG>
<LOG>MDEPLPHNCPMPFKOLGFOBBJNFCBJKLOOOLNMOKFADMIMHEAKDIPMDONLIEEJPIHKAKJDAHCHDEEIACLIGJAOMJAJKFNHHNGAGEHBGCGJJHENPOAOLIKIFEOBMLHGPKKMIOOGKKMDCJHHHIPEF</LOG>
00:39:24.839 000049d0  <dbg> [factory]  CreateModule cid=FTDISPIPort iid=IPort
<LOG>AADGPGGICIJDCJJEABLNJIBJMGELDEHPLNMOKFADMIMHEAKDIPMDONLIEEJPIHKAKJDAHCHDEEIACLIGPFJNCLJJPODABJONPIELBCLDGNHMEEONHOGAKGGMHGCKGEBE</LOG>
<LOG>AADGPGGICIJDCJJEGJAKCLAJNENFAEOHLNMOKFADMIMHEAKDIPMDONLIEEJPIHKAKJDAHCHDEEIACLIGAJDLANJGOOMAKFNNPLCFOEOAAPDPODHOOBCGFIHBCJJCHJDJ</LOG>
<LOG>AADGPGGICIJDCJJELKJNHMANIPJJLCCBLNMOKFADMIMHEAKDIPMDONLIEEJPIHKAKJDAHCHDEEIACLIGLOLGMOOGBNMEMOFMIFCBFHGCMMJOMPLD</LOG>
<LOG>AADGPGGICIJDCJJELKJNHMANIPJJLCCBLNMOKFADMIMHEAKDIPMDONLIEEJPIHKAKJDAHCHDEEIACLIGIGIJOHFNOIFKPGNIPLCFOEOAAPDPODHOOBCGFIHBCJJCHJDJ</LOG>
<LOG>AADGPGGICIJDCJJEDFMBPMNEMGBHINKHLNMOKFADMIMHEAKDIPMDONLIEEJPIHKAKJDAHCHDEEIACLIGNMGCFPOKNJMFJEOAIFCBFHGCMMJOMPLD</LOG>
<LOG>AADGPGGICIJDCJJEDFMBPMNEMGBHINKHLNMOKFADMIMHEAKDIPMDONLIEEJPIHKAKJDAHCHDEEIACLIGIANDOOMKIOJJIFOMDKENEBMHELEHNJNIGHPNHLKBALKFFPLPELHJOKEIMKCBJHLFPLCCEPOOLKBACNCI</LOG>
<LOG>AADGPGGICIJDCJJEDFMBPMNEMGBHINKHLNMOKFADMIMHEAKDIPMDONLIEEJPIHKAKJDAHCHDEEIACLIGINMBMMKAOELCIDDGHKIPKGHJNBGPFPAJMBPOMHHCKCLFODDDGKFPMOOFOMCOHFHE</LOG>
<LOG>AADGPGGICIJDCJJEDFMBPMNEMGBHINKHLNMOKFADMIMHEAKDIPMDONLIEEJPIHKAKJDAHCHDEEIACLIGJAOMJAJKFNHHNGAGEHBGCGJJHENPOAOLKGDOJFICCHIPFOCEJEOGKIBDPOHKDOLJ</LOG>
00:39:27.060 000049d0  <log> [_wsapi_]  -ws_open_waveshaper rc=0
00:39:27.060 000049d0  <log> [_wsapi_]  +ws_get_frequencyrange ws=SN201904
00:39:27.060 000049d0  <log> [_wsapi_]  start=191.050003 stop=196.475006
00:39:27.060 000049d0  <log> [_wsapi_]  -ws_get_frequencyrange rc=0
00:39:27.060 000049d0  <log> [_wsapi_]  +ws_get_frequencyrange ws=SN201904
00:39:27.060 000049d0  <log> [_wsapi_]  start=191.050003 stop=196.475006
00:39:27.060 000049d0  <log> [_wsapi_]  -ws_get_frequencyrange rc=0
00:39:27.060 000049d0  <log> [_wsapi_]  +ws_close_waveshaper ws=SN201904
00:39:27.060 000049d0  <log> [wvshaper] CloseWaveShaper
<LOG>AADGPGGICIJDCJJEFMNNKFOGCLIDJKIJLNMOKFADMIMHEAKDIPMDONLIEEJPIHKAKJDAHCHDEEIACLIGHBLADLKPLJPOLDEIPEIHMKMGGIBHALEC</LOG>
<LOG>AADGPGGICIJDCJJEPNCIAEOIPMDIJAEPLNMOKFADMIMHEAKDIPMDONLIEEJPIHKAKJDAHCHDEEIACLIGHBLADLKPLJPOLDEIPEIHMKMGGIBHALEC</LOG>
00:39:27.255 000049d0  <log> [_wsapi_]  -ws_close_waveshaper rc=0
00:39:27.255 000049d0  <log> [_wsapi_]  +ws_delete_waveshaper ws=SN201904
00:39:27.255 000049d0  <log> [wvshaper] CloseWaveShaper
00:39:27.255 000049d0  <log> [wvshaper] WaveShaper Deleted id=
<LOG>AADGPGGICIJDCJJEPNCIAEOIPMDIJAEPLNMOKFADMIMHEAKDNPBEACMIEPPLKFDCFMBGGOOMBOLLBNMPLIMANMJDAHDIAENFEILIOOEPOMNLMFBFCBBNLPDHCMEFBCLL</LOG>
00:39:27.255 000049d0  <log> [wsimage]  WaveShaperImage Deleted
00:39:27.255 000049d0  <log> [_wsapi_]  -ws_delete_waveshaper rc=0
=======START LOGGING=======
01:11:09.245 00003e9c  <log> [factory]  RegisterModule cls=WaveShaperImage
01:11:09.246 00003e9c  <log> [factory]  RegisterModule cls=WaveShaper
01:11:09.246 00003e9c  <log> [factory]  RegisterModule cls=WaveShaper
01:11:09.246 00003e9c  <log> [factory]  RegisterModule cls=MemBuffer
01:11:09.246 00003e9c  <log> [factory]  RegisterModule cls=FTDI_Cheetah_PortManager
01:11:09.246 00003e9c  <dbg> [factory]  CreateModule cid=FTDI_Cheetah_PortManager iid=IPortManager
01:11:09.246 00003e9c  <log> [factory]  RegisterModule cls=WSSimPort
01:11:09.246 00003e9c  <log> [factory]  RegisterModule cls=ComPort
01:11:09.246 00003e9c  <log> [factory]  RegisterModule cls=FTDIComPort
01:11:09.246 00003e9c  <log> [factory]  RegisterModule cls=FTDISPIPort
01:11:09.246 00003e9c  <log> [factory]  RegisterModule cls=CheetahSPIPort
01:11:09.246 00003e9c  <log> [_wsapi_]  Initialize WaveShaperAPI, version=2.7.3
01:11:09.246 00003e9c  <log> [_wsapi_]  +ws_create_waveshaper ws=SN201904
01:11:09.246 00003e9c  <dbg> [factory]  CreateModule cid=WaveShaper iid=IWaveShaper
01:11:09.246 00003e9c  <dbg> [factory]  CreateModule cid=WaveShaperImage iid=IWaveShaperImage
01:11:09.246 00003e9c  <dbg> [factory]  CreateModule cid=MemBuffer iid=IMemBuffer
01:11:09.246 00003e9c  <dbg> [factory]  CreateModule cid=MemBuffer iid=IMemBuffer
01:11:09.246 00003e9c  <dbg> [factory]  CreateModule cid=MemBuffer iid=IMemBuffer
01:11:09.246 00003e9c  <dbg> [factory]  CreateModule cid=MemBuffer iid=IMemBuffer
<LOG>HNIEBAIIMELJBJOCDMGLNHLIHLGLMADLPIJGONNBINHDAKHKNPBEACMIEPPLKFDCFMBGGOOMBOLLBNMPCFEMJMGBPCIJILNLLOAHEAFPELDLPOHNJOBIPEOIOJFKPFOJ</LOG>
<LOG>HNIEBAIIMELJBJOCNJHLGFEKLJDBALKOPIJGONNBINHDAKHKNPBEACMIEPPLKFDCFMBGGOOMBOLLBNMPCOCHOFBHBNCFGKPJKFFPFNEEDCDKMKIJHCBNHFJAPBHFOPLJFBOMDFNNNEHHDGOGMAEPKPFJCLGGOMDP</LOG>
<LOG>HNIEBAIIMELJBJOCNJHLGFEKLJDBALKOPIJGONNBINHDAKHKNPBEACMIEPPLKFDCFMBGGOOMBOLLBNMPDKJBCIBBDFFIFJKPHAMAJIBDDHCEFJDG</LOG>
<LOG>HNIEBAIIMELJBJOCNJHLGFEKLJDBALKOPIJGONNBINHDAKHKNPBEACMIEPPLKFDCFMBGGOOMBOLLBNMPDKJBCIBBDFFIFJKPAABBCFOHGONGLBOA</LOG>
<LOG>HNIEBAIIMELJBJOCNJHLGFEKLJDBALKOPIJGONNBINHDAKHKNPBEACMIEPPLKFDCFMBGGOOMBOLLBNMPDKJBCIBBDFFIFJKPDLNDBLECAKONICKA</LOG>
<LOG>HNIEBAIIMELJBJOCNJHLGFEKLJDBALKOPIJGONNBINHDAKHKNPBEACMIEPPLKFDCFMBGGOOMBOLLBNMPDKJBCIBBDFFIFJKPHONKGIGPAIFNEBMH</LOG>
<LOG>HNIEBAIIMELJBJOCNJHLGFEKLJDBALKOPIJGONNBINHDAKHKNPBEACMIEPPLKFDCFMBGGOOMBOLLBNMPDKJBCIBBDFFIFJKPGLLLOELCCFHKEKLI</LOG>
<LOG>HNIEBAIIMELJBJOCNJHLGFEKLJDBALKOPIJGONNBINHDAKHKNPBEACMIEPPLKFDCFMBGGOOMBOLLBNMPDKJBCIBBDFFIFJKPFHFJFDLJCCBKDKJO</LOG>
<LOG>HNIEBAIIMELJBJOCNJHLGFEKLJDBALKOPIJGONNBINHDAKHKNPBEACMIEPPLKFDCFMBGGOOMBOLLBNMPDKJBCIBBDFFIFJKPIGDGJNJHNCLCGKNJ</LOG>
<LOG>HNIEBAIIMELJBJOCNJHLGFEKLJDBALKOPIJGONNBINHDAKHKNPBEACMIEPPLKFDCFMBGGOOMBOLLBNMPDKJBCIBBDFFIFJKPLFBCNMEMCBBEOCGA</LOG>
<LOG>HNIEBAIIMELJBJOCNJHLGFEKLJDBALKOPIJGONNBINHDAKHKNPBEACMIEPPLKFDCFMBGGOOMBOLLBNMPDKJBCIBBDFFIFJKPPDLHMLOLNLOPIMDK</LOG>
<LOG>HNIEBAIIMELJBJOCNJHLGFEKLJDBALKOPIJGONNBINHDAKHKNPBEACMIEPPLKFDCFMBGGOOMBOLLBNMPDKJBCIBBDFFIFJKPAIPIJDDDPDAGHAKG</LOG>
<LOG>HNIEBAIIMELJBJOCNJHLGFEKLJDBALKOPIJGONNBINHDAKHKNPBEACMIEPPLKFDCFMBGGOOMBOLLBNMPDKJBCIBBDFFIFJKPCIDKMDFJDEEACMCK</LOG>
<LOG>HNIEBAIIMELJBJOCNJHLGFEKLJDBALKOPIJGONNBINHDAKHKNPBEACMIEPPLKFDCFMBGGOOMBOLLBNMPDKJBCIBBDFFIFJKPJMKBHALBFKHIDIPLCACDHMCAKBMBBIDJ</LOG>
<LOG>HNIEBAIIMELJBJOCNJHLGFEKLJDBALKOPIJGONNBINHDAKHKNPBEACMIEPPLKFDCFMBGGOOMBOLLBNMPDKJBCIBBDFFIFJKPGCIJFKGBEJCAGBIC</LOG>
<LOG>HNIEBAIIMELJBJOCNJHLGFEKLJDBALKOPIJGONNBINHDAKHKNPBEACMIEPPLKFDCFMBGGOOMBOLLBNMPDKJBCIBBDFFIFJKPOOMHMMMEJCOBCPOD</LOG>
<LOG>HNIEBAIIMELJBJOCCCDJGIBHDILLLBNHPIJGONNBINHDAKHKNPBEACMIEPPLKFDCFMBGGOOMBOLLBNMPBINDNGBCPBPGGHGBJBIMEGKHKMDBNDAIAHKFEENGLIAJGFGI</LOG>
<LOG>HNIEBAIIMELJBJOCCCDJGIBHDILLLBNHPIJGONNBINHDAKHKNPBEACMIEPPLKFDCFMBGGOOMBOLLBNMPPFKMJPCCEDMANDBFHBJECHDIEDIEIBKLBLPFFPPPLJIDFLLBEBOBJIKKHKHLOMID</LOG>
<LOG>HNIEBAIIMELJBJOCCCDJGIBHDILLLBNHPIJGONNBINHDAKHKNPBEACMIEPPLKFDCFMBGGOOMBOLLBNMPMEIELENCDJDIAMLFALNKPNANOFLONBJDIAPMNMKLPCNOFGGLFODIOLFHKHGLALKL</LOG>
<LOG>HNIEBAIIMELJBJOCCCDJGIBHDILLLBNHPIJGONNBINHDAKHKNPBEACMIEPPLKFDCFMBGGOOMBOLLBNMPDJOBPKKLOFGPMFMKIGHCIHKHEAGCHBGMPOGGPCDFMNBIHKKF</LOG>
<LOG>HNIEBAIIMELJBJOCCCDJGIBHDILLLBNHPIJGONNBINHDAKHKNPBEACMIEPPLKFDCFMBGGOOMBOLLBNMPIFIBEFAFJGIHAKLAKEMLPMJDDBBFKBEBAGFFNACBLPILHPKO</LOG>
<LOG>HNIEBAIIMELJBJOCLLMLEIOFJAPOLADCPIJGONNBINHDAKHKNPBEACMIEPPLKFDCFMBGGOOMBOLLBNMPDPLGPLHAOJJLPCPJJGEJJECEPDBNLNHCEHDDCIMALMAMAMJE</LOG>
<LOG>HNIEBAIIMELJBJOCLLMLEIOFJAPOLADCPIJGONNBINHDAKHKNPBEACMIEPPLKFDCFMBGGOOMBOLLBNMPHHODADKCHAJFCPJLCIIBACOECNCAJMPHDPELPGFJGIKOFPGC</LOG>
<LOG>HNIEBAIIMELJBJOCLLMLEIOFJAPOLADCPIJGONNBINHDAKHKNPBEACMIEPPLKFDCFMBGGOOMBOLLBNMPOGFFIEFFOPBNLFBBBLONLIJCDLMKIKIB</LOG>
<LOG>HNIEBAIIMELJBJOCLLMLEIOFJAPOLADCPIJGONNBINHDAKHKNPBEACMIEPPLKFDCFMBGGOOMBOLLBNMPKMGKPJMMLLPBFFHPMOOMNLMNPMKBPFLD</LOG>
<LOG>HNIEBAIIMELJBJOCLLMLEIOFJAPOLADCPIJGONNBINHDAKHKNPBEACMIEPPLKFDCFMBGGOOMBOLLBNMPDBIBEPIJGDNJLHPNKAILNBOICKECHLLHMMKHDHMMNNLGCNJKDAPCACICJAKIMGKOIKEDOBEALJLJMDFLJMKALENKIMEFBJHCIEELOMHGBFOFJCLL</LOG>
<LOG>HNIEBAIIMELJBJOCLLMLEIOFJAPOLADCPIJGONNBINHDAKHKNPBEACMIEPPLKFDCFMBGGOOMBOLLBNMPBIBIGNGPADPJABHOHGJPPEIBBIHDNFCIKHOOPDNBLKBLOHGK</LOG>
<LOG>HNIEBAIIMELJBJOCLLMLEIOFJAPOLADCPIJGONNBINHDAKHKNPBEACMIEPPLKFDCFMBGGOOMBOLLBNMPDPGPFNBLGNKMBJEJMOFAKJNNIMAAJBMPFACJOFGHNJJPAGEM</LOG>
<LOG>HNIEBAIIMELJBJOCLLMLEIOFJAPOLADCPIJGONNBINHDAKHKNPBEACMIEPPLKFDCFMBGGOOMBOLLBNMPIFKIFKHLJHFGHOOBJADKGAOCGBOAOELFCFPIBPAPHDABLHCN</LOG>
<LOG>HNIEBAIIMELJBJOCLLMLEIOFJAPOLADCPIJGONNBINHDAKHKNPBEACMIEPPLKFDCFMBGGOOMBOLLBNMPHLOKMCEKFDMACEPCLPDJPCHBMBJLNPNFCNJIOOIDBPOMPHFD</LOG>
<LOG>HNIEBAIIMELJBJOCLLMLEIOFJAPOLADCPIJGONNBINHDAKHKNPBEACMIEPPLKFDCFMBGGOOMBOLLBNMPCMKJMGMAGMIGPGLILADCCDKLOGJLKNGHNDMHNGKLFGDHALLPEHALDCIIHIBOIJLDLCMHIIDCNAKACGJCALBBHONOBDFKGAHGKBBKMPOGJIIOPBOM</LOG>
<LOG>HNIEBAIIMELJBJOCLLMLEIOFJAPOLADCPIJGONNBINHDAKHKNPBEACMIEPPLKFDCFMBGGOOMBOLLBNMPMCBCAONPDLCPJJMHGILGEEKICPACGCBMCCFINEMBPIAKLJJLFAOBENIMHOOKLLNNFJPMINGGEEJDAJJMCHELMJOGOGMDMHNJ</LOG>
<LOG>HNIEBAIIMELJBJOCLLMLEIOFJAPOLADCPIJGONNBINHDAKHKNPBEACMIEPPLKFDCFMBGGOOMBOLLBNMPCNCJNKCMIEJIPPNDJPNMEMPAEDNOANOFAHDAJCPDPDNBNAFD</LOG>
<LOG>HNIEBAIIMELJBJOCLLMLEIOFJAPOLADCPIJGONNBINHDAKHKNPBEACMIEPPLKFDCFMBGGOOMBOLLBNMPFNFKJIKFOJJLDMLHNBKCDNIADKMPFBFADDLILBOGGLEGEMPM</LOG>
<LOG>HNIEBAIIMELJBJOCLLMLEIOFJAPOLADCPIJGONNBINHDAKHKNPBEACMIEPPLKFDCFMBGGOOMBOLLBNMPNCEDBIHJDPLCOOIOBALAIDDHJDLJOKJC</LOG>
<LOG>HNIEBAIIMELJBJOCLLMLEIOFJAPOLADCPIJGONNBINHDAKHKNPBEACMIEPPLKFDCFMBGGOOMBOLLBNMPAFPPHOBNEFGNBBHDGELLOPIFPPNBNOCOIELEEEMNLKMAIJKM</LOG>
<LOG>HNIEBAIIMELJBJOCLLMLEIOFJAPOLADCPIJGONNBINHDAKHKNPBEACMIEPPLKFDCFMBGGOOMBOLLBNMPAKAAMMBJIBBMJMFKIHBCHFPACKGNIHLOEEPCPONNGMNKHIPF</LOG>
<LOG>HNIEBAIIMELJBJOCLLMLEIOFJAPOLADCPIJGONNBINHDAKHKNPBEACMIEPPLKFDCFMBGGOOMBOLLBNMPKDIPNDCMFKMGMELIIKOBBKFKHEJHEFOGDCHIFMLIAPOKFFBGDEMFEOFNHILEHFGDFNJAKLFLIJJFKPECAAEMPFFLPILLCCGMBNLHMJCAMGNFKNAGDMCDLOEMIDPICIJF</LOG>
<LOG>HNIEBAIIMELJBJOCLLMLEIOFJAPOLADCPIJGONNBINHDAKHKNPBEACMIEPPLKFDCFMBGGOOMBOLLBNMPPFKMJPCCEDMANDBFHBJECHDIEDIEIBKLBDBEGDIFOFCDBCGBPOCMNIEMIJPOMKOCNNPBIJCHFNJNNJEN</LOG>
<LOG>HNIEBAIIMELJBJOCBMDJCGCNIGIAJOJMPIJGONNBINHDAKHKNPBEACMIEPPLKFDCFMBGGOOMBOLLBNMPPFKMJPCCEDMANDBFHBJECHDIEDIEIBKLNKPHBIEKIAMJKOAPKKFAIKGHGJPDFNLLJNOIGHGJPIPIBPKJHHGAEOLICDBGOMAL</LOG>
<LOG>HNIEBAIIMELJBJOCDBHBONLHALDFFJNJPIJGONNBINHDAKHKNPBEACMIEPPLKFDCFMBGGOOMBOLLBNMPMCBCAONPDLCPJJMHGILGEEKICPACGCBMJGMNIBPIGNJLIHFDIOELCNBEAFJHBGPNEPNGLMPBEBMEPJDL</LOG>
<LOG>HNIEBAIIMELJBJOCDBHBONLHALDFFJNJPIJGONNBINHDAKHKNPBEACMIEPPLKFDCFMBGGOOMBOLLBNMPPFKMJPCCEDMANDBFHBJECHDIEDIEIBKLLHGNNMHLANNLKJAJAJNIPFEMBPFMHFPL</LOG>
<LOG>HNIEBAIIMELJBJOCDBHBONLHALDFFJNJPIJGONNBINHDAKHKNPBEACMIEPPLKFDCFMBGGOOMBOLLBNMPDKDNPJDIMGOFIODLFBMCPGKOPCGGBAHKKHOOPDNBLKBLOHGK</LOG>
<LOG>HNIEBAIIMELJBJOCKBOOBOAPHCLNBEKCPIJGONNBINHDAKHKNPBEACMIEPPLKFDCFMBGGOOMBOLLBNMPDKDNPJDIMGOFIODLGBHCGBFGBDACNEIJGPACGMPCOBEDJLFPCPNLPIPKJPBBMAKB</LOG>
<LOG>HNIEBAIIMELJBJOCHJMNMKDKHALLJHNDPIJGONNBINHDAKHKNPBEACMIEPPLKFDCFMBGGOOMBOLLBNMPMCBCAONPDLCPJJMHGILGEEKICPACGCBMAEIKLPHFPGDDBJGIHGOIBMIAMGEDDDGM</LOG>
<LOG>HNIEBAIIMELJBJOCHJMNMKDKHALLJHNDPIJGONNBINHDAKHKNPBEACMIEPPLKFDCFMBGGOOMBOLLBNMPPFKMJPCCEDMANDBFHBJECHDIEDIEIBKLNHOBFEGNLEHDJJMABMLMKKPBFBODJFHFFEADGIENMGGLFOBN</LOG>
<LOG>HNIEBAIIMELJBJOCJOCKFAGGDGKNHBCBPIJGONNBINHDAKHKNPBEACMIEPPLKFDCFMBGGOOMBOLLBNMPMCBCAONPDLCPJJMHGILGEEKICPACGCBMMJMOAGGFFCPFJJKFAANNJOJDAJKIJPJC</LOG>
<LOG>HNIEBAIIMELJBJOCJOCKFAGGDGKNHBCBPIJGONNBINHDAKHKNPBEACMIEPPLKFDCFMBGGOOMBOLLBNMPLCGCPHCAFPJGGHNIAGEDBCDJBBDEOFPKPANPJHIAEFCOLNGL</LOG>
<LOG>HNIEBAIIMELJBJOCJOCKFAGGDGKNHBCBPIJGONNBINHDAKHKNPBEACMIEPPLKFDCFMBGGOOMBOLLBNMPMCBCAONPDLCPJJMHGILGEEKICPACGCBMPJPICDAHHBNCLDIKCHELMJOGOGMDMHNJ</LOG>
<LOG>HNIEBAIIMELJBJOCJOCKFAGGDGKNHBCBPIJGONNBINHDAKHKNPBEACMIEPPLKFDCFMBGGOOMBOLLBNMPPFKMJPCCEDMANDBFHBJECHDIEDIEIBKLIHBFMGEBFLNEMKMAJCAEMMFMFGBLFBMHBMLMKKPBFBODJFHFFEADGIENMGGLFOBN</LOG>
<LOG>HNIEBAIIMELJBJOCEAPBOFBAFBNHANLIPIJGONNBINHDAKHKNPBEACMIEPPLKFDCFMBGGOOMBOLLBNMPMCBCAONPDLCPJJMHFJHDNGENHGKAEOPEEEHBJGCLDLOFLKAABLNNHFPBHPBAMGOG</LOG>
<LOG>HNIEBAIIMELJBJOCEAPBOFBAFBNHANLIPIJGONNBINHDAKHKNPBEACMIEPPLKFDCFMBGGOOMBOLLBNMPPFKMJPCCEDMANDBFHBJECHDIEDIEIBKLMDAHNNCKLDNAOPACDAJFENENDKNFHEJGHCGIBADAJHJBBBEPHJAOENFGAMCAAEKK</LOG>
<LOG>HNIEBAIIMELJBJOCEAPBOFBAFBNHANLIPIJGONNBINHDAKHKNPBEACMIEPPLKFDCFMBGGOOMBOLLBNMPMCBCAONPDLCPJJMHDHJJJOAPGGLBIMIKCIFMNDDNJBADEHBIOOGKKMDCJHHHIPEF</LOG>
<LOG>HNIEBAIIMELJBJOCEAPBOFBAFBNHANLIPIJGONNBINHDAKHKNPBEACMIEPPLKFDCFMBGGOOMBOLLBNMPJIPJNKKIJBAMGHOKHPHGKBKLKAIEPEONCBJNEPMFGJFKPAFDBGIGOAFMJONDCBBBJHLLDOIKJJODOOKMCJGCGJJBDCBKEMJKCHBOJHDMNCCBCIGOJNGFMOCHDDNCFPNODDCGHAEFFIJNBJMPOFPANLCLPGIBBPPDLJKNCNCNOFDABKAECKDHEKEMLNFLCLFMHDBCCCEEJGPIDKLH</LOG>
<LOG>HNIEBAIIMELJBJOCEAPBOFBAFBNHANLIPIJGONNBINHDAKHKNPBEACMIEPPLKFDCFMBGGOOMBOLLBNMPBGAIPOALPJLKFODBMFOILAFJFJHILKEGJHOHONIJFIPNFEPOAIDHJGEECIEPCFDE</LOG>
<LOG>HNIEBAIIMELJBJOCEAPBOFBAFBNHANLIPIJGONNBINHDAKHKNPBEACMIEPPLKFDCFMBGGOOMBOLLBNMPDOMAIPNEELGHJAFMJBIMEGKHKMDBNDAIPABNOBLFEIEHPJOM</LOG>
01:11:09.268 00003e9c  <log> [wsimage]  LoadCalibration rc=0 profiling=22(ms)
01:11:09.268 00003e9c  <log> [_wsapi_]  -ws_create_waveshaper rc=0
01:11:09.268 00003e9c  <log> [_wsapi_]  +ws_open_waveshaper ws=SN201904
01:11:09.268 00003e9c  <log> [wvshaper] OpenWaveShaper
01:11:10.026 00003e9c  <log> [portmgr]  Enum FT4232 <WS201904D,201904,0>
01:11:12.544 00003e9c  <log> [portmgr]  NLocatePort rc=0 profiling=3275(ms)
01:11:12.544 00003e9c  <dbg> [factory]  CreateModule cid=FTDIComPort iid=IPort
<LOG>PGHINLJIILCCADHMPLMPJDNHPLNFHKGIPIJGONNBINHDAKHKIPMDONLIEEJPIHKAKJDAHCHDEEIACLIGINMBMMKAOELCIDDGHKIPKGHJNBGPFPAJAMIDABJKDCJIABMJGKFPMOOFOMCOHFHE</LOG>
<LOG>PGHINLJIILCCADHMPLMPJDNHPLNFHKGIPIJGONNBINHDAKHKIPMDONLIEEJPIHKAKJDAHCHDEEIACLIGJAOMJAJKFNHHNGAGEHBGCGJJHENPOAOLAHNFMKFEHJBFOFDEACADPJMGJDPHJDEP</LOG>
01:11:12.841 00003e9c  <dbg> [factory]  CreateModule cid=FTDISPIPort iid=IPort
<LOG>NDBLDDMNMCFOAOMHMIMNJADMOBNIPOCDPIJGONNBINHDAKHKIPMDONLIEEJPIHKAKJDAHCHDEEIACLIGPFJNCLJJPODABJONPIELBCLDGNHMEEONHOGAKGGMHGCKGEBE</LOG>
<LOG>NDBLDDMNMCFOAOMHMIMNJADMOBNIPOCDPIJGONNBINHDAKHKIPMDONLIEEJPIHKAKJDAHCHDEEIACLIGAJDLANJGOOMAKFNNPLCFOEOAAPDPODHOOBCGFIHBCJJCHJDJ</LOG>
<LOG>NDBLDDMNMCFOAOMHLENGLJLLJKPHAIFFPIJGONNBINHDAKHKIPMDONLIEEJPIHKAKJDAHCHDEEIACLIGLOLGMOOGBNMEMOFMIFCBFHGCMMJOMPLD</LOG>
<LOG>NDBLDDMNMCFOAOMHLENGLJLLJKPHAIFFPIJGONNBINHDAKHKIPMDONLIEEJPIHKAKJDAHCHDEEIACLIGIGIJOHFNOIFKPGNIPLCFOEOAAPDPODHOOBCGFIHBCJJCHJDJ</LOG>
<LOG>NDBLDDMNMCFOAOMHLIGLMFFNHCCEJFLEPIJGONNBINHDAKHKIPMDONLIEEJPIHKAKJDAHCHDEEIACLIGNMGCFPOKNJMFJEOAIFCBFHGCMMJOMPLD</LOG>
<LOG>NDBLDDMNMCFOAOMHLIGLMFFNHCCEJFLEPIJGONNBINHDAKHKIPMDONLIEEJPIHKAKJDAHCHDEEIACLIGIANDOOMKIOJJIFOMDKENEBMHELEHNJNIGHPNHLKBALKFFPLPELHJOKEIMKCBJHLFPLCCEPOOLKBACNCI</LOG>
<LOG>NDBLDDMNMCFOAOMHLIGLMFFNHCCEJFLEPIJGONNBINHDAKHKIPMDONLIEEJPIHKAKJDAHCHDEEIACLIGINMBMMKAOELCIDDGHKIPKGHJNBGPFPAJMBPOMHHCKCLFODDDGKFPMOOFOMCOHFHE</LOG>
<LOG>NDBLDDMNMCFOAOMHLIGLMFFNHCCEJFLEPIJGONNBINHDAKHKIPMDONLIEEJPIHKAKJDAHCHDEEIACLIGJAOMJAJKFNHHNGAGEHBGCGJJHENPOAOLBDHFCOMLOILGDPBFJHLMNAHIJKEEDIDN</LOG>
01:11:13.769 00003e9c  <log> [_wsapi_]  -ws_open_waveshaper rc=0
01:11:13.769 00003e9c  <log> [_wsapi_]  +ws_get_frequencyrange ws=SN201904
01:11:13.769 00003e9c  <log> [_wsapi_]  start=191.050003 stop=196.475006
01:11:13.769 00003e9c  <log> [_wsapi_]  -ws_get_frequencyrange rc=0
01:11:13.769 00003e9c  <log> [_wsapi_]  +ws_get_frequencyrange ws=SN201904
01:11:13.769 00003e9c  <log> [_wsapi_]  start=191.050003 stop=196.475006
01:11:13.769 00003e9c  <log> [_wsapi_]  -ws_get_frequencyrange rc=0
01:22:07.910 00003e9c  <log> [_wsapi_]  +ws_close_waveshaper ws=SN201904
01:22:07.910 00003e9c  <log> [wvshaper] CloseWaveShaper
<LOG>CMIGCIFHDKHDCOHKPHMDNPMNMPFDPNONPIJGONNBINHDAKHKIPMDONLIEEJPIHKAKJDAHCHDEEIACLIGHBLADLKPLJPOLDEIPEIHMKMGGIBHALEC</LOG>
<LOG>CMIGCIFHDKHDCOHKGMJIAFFBDIDAPCNCPIJGONNBINHDAKHKIPMDONLIEEJPIHKAKJDAHCHDEEIACLIGHBLADLKPLJPOLDEIPEIHMKMGGIBHALEC</LOG>
01:22:08.085 00003e9c  <log> [_wsapi_]  -ws_close_waveshaper rc=0
01:22:08.085 00003e9c  <log> [_wsapi_]  +ws_delete_waveshaper ws=SN201904
01:22:08.085 00003e9c  <log> [wvshaper] CloseWaveShaper
01:22:08.085 00003e9c  <log> [wvshaper] WaveShaper Deleted id=
<LOG>CMIGCIFHDKHDCOHKGMJIAFFBDIDAPCNCPIJGONNBINHDAKHKNPBEACMIEPPLKFDCFMBGGOOMBOLLBNMPLIMANMJDAHDIAENFEILIOOEPOMNLMFBFCBBNLPDHCMEFBCLL</LOG>
01:22:08.085 00003e9c  <log> [wsimage]  WaveShaperImage Deleted
01:22:08.085 00003e9c  <log> [_wsapi_]  -ws_delete_waveshaper rc=0
=======START LOGGING=======
01:22:42.697 00002090  <log> [factory]  RegisterModule cls=WaveShaperImage
01:22:42.697 00002090  <log> [factory]  RegisterModule cls=WaveShaper
01:22:42.697 00002090  <log> [factory]  RegisterModule cls=WaveShaper
01:22:42.697 00002090  <log> [factory]  RegisterModule cls=MemBuffer
01:22:42.697 00002090  <log> [factory]  RegisterModule cls=FTDI_Cheetah_PortManager
01:22:42.697 00002090  <dbg> [factory]  CreateModule cid=FTDI_Cheetah_PortManager iid=IPortManager
01:22:42.697 00002090  <log> [factory]  RegisterModule cls=WSSimPort
01:22:42.697 00002090  <log> [factory]  RegisterModule cls=ComPort
01:22:42.697 00002090  <log> [factory]  RegisterModule cls=FTDIComPort
01:22:42.697 00002090  <log> [factory]  RegisterModule cls=FTDISPIPort
01:22:42.697 00002090  <log> [factory]  RegisterModule cls=CheetahSPIPort
01:22:42.697 00002090  <log> [_wsapi_]  Initialize WaveShaperAPI, version=2.7.3
01:22:42.697 00002090  <log> [_wsapi_]  +ws_create_waveshaper ws=SN201904
01:22:42.697 00002090  <dbg> [factory]  CreateModule cid=WaveShaper iid=IWaveShaper
01:22:42.697 00002090  <dbg> [factory]  CreateModule cid=WaveShaperImage iid=IWaveShaperImage
01:22:42.697 00002090  <dbg> [factory]  CreateModule cid=MemBuffer iid=IMemBuffer
01:22:42.697 00002090  <dbg> [factory]  CreateModule cid=MemBuffer iid=IMemBuffer
01:22:42.697 00002090  <dbg> [factory]  CreateModule cid=MemBuffer iid=IMemBuffer
01:22:42.697 00002090  <dbg> [factory]  CreateModule cid=MemBuffer iid=IMemBuffer
<LOG>HNLHDFGCMLMNDEHAEOGHOFIOKGKPFGLMCKPGADHCFAIDODOMNPBEACMIEPPLKFDCFMBGGOOMBOLLBNMPCFEMJMGBPCIJILNLLOAHEAFPELDLPOHNJOBIPEOIOJFKPFOJ</LOG>
<LOG>HNLHDFGCMLMNDEHALLNCLJOCIAKKOPGCCKPGADHCFAIDODOMNPBEACMIEPPLKFDCFMBGGOOMBOLLBNMPCOCHOFBHBNCFGKPJKFFPFNEEDCDKMKIJHCBNHFJAPBHFOPLJFBOMDFNNNEHHDGOGMAEPKPFJCLGGOMDP</LOG>
<LOG>HNLHDFGCMLMNDEHALLNCLJOCIAKKOPGCCKPGADHCFAIDODOMNPBEACMIEPPLKFDCFMBGGOOMBOLLBNMPDKJBCIBBDFFIFJKPHAMAJIBDDHCEFJDG</LOG>
<LOG>HNLHDFGCMLMNDEHALLNCLJOCIAKKOPGCCKPGADHCFAIDODOMNPBEACMIEPPLKFDCFMBGGOOMBOLLBNMPDKJBCIBBDFFIFJKPAABBCFOHGONGLBOA</LOG>
<LOG>HNLHDFGCMLMNDEHALLNCLJOCIAKKOPGCCKPGADHCFAIDODOMNPBEACMIEPPLKFDCFMBGGOOMBOLLBNMPDKJBCIBBDFFIFJKPDLNDBLECAKONICKA</LOG>
<LOG>HNLHDFGCMLMNDEHALLNCLJOCIAKKOPGCCKPGADHCFAIDODOMNPBEACMIEPPLKFDCFMBGGOOMBOLLBNMPDKJBCIBBDFFIFJKPHONKGIGPAIFNEBMH</LOG>
<LOG>HNLHDFGCMLMNDEHALLNCLJOCIAKKOPGCCKPGADHCFAIDODOMNPBEACMIEPPLKFDCFMBGGOOMBOLLBNMPDKJBCIBBDFFIFJKPGLLLOELCCFHKEKLI</LOG>
<LOG>HNLHDFGCMLMNDEHALLNCLJOCIAKKOPGCCKPGADHCFAIDODOMNPBEACMIEPPLKFDCFMBGGOOMBOLLBNMPDKJBCIBBDFFIFJKPFHFJFDLJCCBKDKJO</LOG>
<LOG>HNLHDFGCMLMNDEHALLNCLJOCIAKKOPGCCKPGADHCFAIDODOMNPBEACMIEPPLKFDCFMBGGOOMBOLLBNMPDKJBCIBBDFFIFJKPIGDGJNJHNCLCGKNJ</LOG>
<LOG>HNLHDFGCMLMNDEHALLNCLJOCIAKKOPGCCKPGADHCFAIDODOMNPBEACMIEPPLKFDCFMBGGOOMBOLLBNMPDKJBCIBBDFFIFJKPLFBCNMEMCBBEOCGA</LOG>
<LOG>HNLHDFGCMLMNDEHALLNCLJOCIAKKOPGCCKPGADHCFAIDODOMNPBEACMIEPPLKFDCFMBGGOOMBOLLBNMPDKJBCIBBDFFIFJKPPDLHMLOLNLOPIMDK</LOG>
<LOG>HNLHDFGCMLMNDEHALLNCLJOCIAKKOPGCCKPGADHCFAIDODOMNPBEACMIEPPLKFDCFMBGGOOMBOLLBNMPDKJBCIBBDFFIFJKPAIPIJDDDPDAGHAKG</LOG>
<LOG>HNLHDFGCMLMNDEHALLNCLJOCIAKKOPGCCKPGADHCFAIDODOMNPBEACMIEPPLKFDCFMBGGOOMBOLLBNMPDKJBCIBBDFFIFJKPCIDKMDFJDEEACMCK</LOG>
<LOG>HNLHDFGCMLMNDEHALLNCLJOCIAKKOPGCCKPGADHCFAIDODOMNPBEACMIEPPLKFDCFMBGGOOMBOLLBNMPDKJBCIBBDFFIFJKPJMKBHALBFKHIDIPLCACDHMCAKBMBBIDJ</LOG>
<LOG>HNLHDFGCMLMNDEHALLNCLJOCIAKKOPGCCKPGADHCFAIDODOMNPBEACMIEPPLKFDCFMBGGOOMBOLLBNMPDKJBCIBBDFFIFJKPGCIJFKGBEJCAGBIC</LOG>
<LOG>HNLHDFGCMLMNDEHALLNCLJOCIAKKOPGCCKPGADHCFAIDODOMNPBEACMIEPPLKFDCFMBGGOOMBOLLBNMPDKJBCIBBDFFIFJKPOOMHMMMEJCOBCPOD</LOG>
<LOG>HNLHDFGCMLMNDEHAJCHOLENAMMPHEBANCKPGADHCFAIDODOMNPBEACMIEPPLKFDCFMBGGOOMBOLLBNMPBINDNGBCPBPGGHGBJBIMEGKHKMDBNDAIAHKFEENGLIAJGFGI</LOG>
<LOG>HNLHDFGCMLMNDEHAJCHOLENAMMPHEBANCKPGADHCFAIDODOMNPBEACMIEPPLKFDCFMBGGOOMBOLLBNMPPFKMJPCCEDMANDBFHBJECHDIEDIEIBKLBLPFFPPPLJIDFLLBEBOBJIKKHKHLOMID</LOG>
<LOG>HNLHDFGCMLMNDEHAJCHOLENAMMPHEBANCKPGADHCFAIDODOMNPBEACMIEPPLKFDCFMBGGOOMBOLLBNMPMEIELENCDJDIAMLFALNKPNANOFLONBJDIAPMNMKLPCNOFGGLFODIOLFHKHGLALKL</LOG>
<LOG>HNLHDFGCMLMNDEHAJCHOLENAMMPHEBANCKPGADHCFAIDODOMNPBEACMIEPPLKFDCFMBGGOOMBOLLBNMPDJOBPKKLOFGPMFMKIGHCIHKHEAGCHBGMPOGGPCDFMNBIHKKF</LOG>
<LOG>HNLHDFGCMLMNDEHAJCHOLENAMMPHEBANCKPGADHCFAIDODOMNPBEACMIEPPLKFDCFMBGGOOMBOLLBNMPIFIBEFAFJGIHAKLAKEMLPMJDDBBFKBEBAGFFNACBLPILHPKO</LOG>
<LOG>HNLHDFGCMLMNDEHAJCHOLENAMMPHEBANCKPGADHCFAIDODOMNPBEACMIEPPLKFDCFMBGGOOMBOLLBNMPDPLGPLHAOJJLPCPJJGEJJECEPDBNLNHCEHDDCIMALMAMAMJE</LOG>
<LOG>HNLHDFGCMLMNDEHAJCHOLENAMMPHEBANCKPGADHCFAIDODOMNPBEACMIEPPLKFDCFMBGGOOMBOLLBNMPHHODADKCHAJFCPJLCIIBACOECNCAJMPHDPELPGFJGIKOFPGC</LOG>
<LOG>HNLHDFGCMLMNDEHAJCHOLENAMMPHEBANCKPGADHCFAIDODOMNPBEACMIEPPLKFDCFMBGGOOMBOLLBNMPOGFFIEFFOPBNLFBBBLONLIJCDLMKIKIB</LOG>
<LOG>HNLHDFGCMLMNDEHAJCHOLENAMMPHEBANCKPGADHCFAIDODOMNPBEACMIEPPLKFDCFMBGGOOMBOLLBNMPKMGKPJMMLLPBFFHPMOOMNLMNPMKBPFLD</LOG>
<LOG>HNLHDFGCMLMNDEHAJCHOLENAMMPHEBANCKPGADHCFAIDODOMNPBEACMIEPPLKFDCFMBGGOOMBOLLBNMPDBIBEPIJGDNJLHPNKAILNBOICKECHLLHMMKHDHMMNNLGCNJKDAPCACICJAKIMGKOIKEDOBEALJLJMDFLJMKALENKIMEFBJHCIEELOMHGBFOFJCLL</LOG>
<LOG>HNLHDFGCMLMNDEHAJCHOLENAMMPHEBANCKPGADHCFAIDODOMNPBEACMIEPPLKFDCFMBGGOOMBOLLBNMPBIBIGNGPADPJABHOHGJPPEIBBIHDNFCIKHOOPDNBLKBLOHGK</LOG>
<LOG>HNLHDFGCMLMNDEHAJCHOLENAMMPHEBANCKPGADHCFAIDODOMNPBEACMIEPPLKFDCFMBGGOOMBOLLBNMPDPGPFNBLGNKMBJEJMOFAKJNNIMAAJBMPFACJOFGHNJJPAGEM</LOG>
<LOG>HNLHDFGCMLMNDEHAJCHOLENAMMPHEBANCKPGADHCFAIDODOMNPBEACMIEPPLKFDCFMBGGOOMBOLLBNMPIFKIFKHLJHFGHOOBJADKGAOCGBOAOELFCFPIBPAPHDABLHCN</LOG>
<LOG>HNLHDFGCMLMNDEHAJCHOLENAMMPHEBANCKPGADHCFAIDODOMNPBEACMIEPPLKFDCFMBGGOOMBOLLBNMPHLOKMCEKFDMACEPCLPDJPCHBMBJLNPNFCNJIOOIDBPOMPHFD</LOG>
<LOG>HNLHDFGCMLMNDEHAJCHOLENAMMPHEBANCKPGADHCFAIDODOMNPBEACMIEPPLKFDCFMBGGOOMBOLLBNMPCMKJMGMAGMIGPGLILADCCDKLOGJLKNGHNDMHNGKLFGDHALLPEHALDCIIHIBOIJLDLCMHIIDCNAKACGJCALBBHONOBDFKGAHGKBBKMPOGJIIOPBOM</LOG>
<LOG>HNLHDFGCMLMNDEHAJCHOLENAMMPHEBANCKPGADHCFAIDODOMNPBEACMIEPPLKFDCFMBGGOOMBOLLBNMPMCBCAONPDLCPJJMHGILGEEKICPACGCBMCCFINEMBPIAKLJJLFAOBENIMHOOKLLNNNILAINOOBBLNDNJBCHELMJOGOGMDMHNJ</LOG>
<LOG>HNLHDFGCMLMNDEHAJCHOLENAMMPHEBANCKPGADHCFAIDODOMNPBEACMIEPPLKFDCFMBGGOOMBOLLBNMPCNCJNKCMIEJIPPNDJPNMEMPAEDNOANOFAHDAJCPDPDNBNAFD</LOG>
<LOG>HNLHDFGCMLMNDEHAJCHOLENAMMPHEBANCKPGADHCFAIDODOMNPBEACMIEPPLKFDCFMBGGOOMBOLLBNMPFNFKJIKFOJJLDMLHNBKCDNIADKMPFBFADDLILBOGGLEGEMPM</LOG>
<LOG>HNLHDFGCMLMNDEHAJCHOLENAMMPHEBANCKPGADHCFAIDODOMNPBEACMIEPPLKFDCFMBGGOOMBOLLBNMPNCEDBIHJDPLCOOIOBALAIDDHJDLJOKJC</LOG>
<LOG>HNLHDFGCMLMNDEHAJCHOLENAMMPHEBANCKPGADHCFAIDODOMNPBEACMIEPPLKFDCFMBGGOOMBOLLBNMPAFPPHOBNEFGNBBHDGELLOPIFPPNBNOCOIELEEEMNLKMAIJKM</LOG>
<LOG>HNLHDFGCMLMNDEHAJCHOLENAMMPHEBANCKPGADHCFAIDODOMNPBEACMIEPPLKFDCFMBGGOOMBOLLBNMPAKAAMMBJIBBMJMFKIHBCHFPACKGNIHLOEEPCPONNGMNKHIPF</LOG>
<LOG>HNLHDFGCMLMNDEHAJCHOLENAMMPHEBANCKPGADHCFAIDODOMNPBEACMIEPPLKFDCFMBGGOOMBOLLBNMPKDIPNDCMFKMGMELIIKOBBKFKHEJHEFOGDCHIFMLIAPOKFFBGDEMFEOFNHILEHFGDFNJAKLFLIJJFKPECAAEMPFFLPILLCCGMBNLHMJCAMGNFKNAGDMCDLOEMIDPICIJF</LOG>
<LOG>HNLHDFGCMLMNDEHAJCHOLENAMMPHEBANCKPGADHCFAIDODOMNPBEACMIEPPLKFDCFMBGGOOMBOLLBNMPPFKMJPCCEDMANDBFHBJECHDIEDIEIBKLBDBEGDIFOFCDBCGBPOCMNIEMIJPOMKOCNNPBIJCHFNJNNJEN</LOG>
<LOG>HNLHDFGCMLMNDEHAJCHOLENAMMPHEBANCKPGADHCFAIDODOMNPBEACMIEPPLKFDCFMBGGOOMBOLLBNMPPFKMJPCCEDMANDBFHBJECHDIEDIEIBKLNKPHBIEKIAMJKOAPKKFAIKGHGJPDFNLLJNOIGHGJPIPIBPKJHHGAEOLICDBGOMAL</LOG>
<LOG>HNLHDFGCMLMNDEHAICJABKIKOPGNNHEFCKPGADHCFAIDODOMNPBEACMIEPPLKFDCFMBGGOOMBOLLBNMPMCBCAONPDLCPJJMHGILGEEKICPACGCBMJGMNIBPIGNJLIHFDCFLKPLCEFJEGAIAOEPNGLMPBEBMEPJDL</LOG>
<LOG>HNLHDFGCMLMNDEHAICJABKIKOPGNNHEFCKPGADHCFAIDODOMNPBEACMIEPPLKFDCFMBGGOOMBOLLBNMPPFKMJPCCEDMANDBFHBJECHDIEDIEIBKLLHGNNMHLANNLKJAJAJNIPFEMBPFMHFPL</LOG>
<LOG>HNLHDFGCMLMNDEHAICJABKIKOPGNNHEFCKPGADHCFAIDODOMNPBEACMIEPPLKFDCFMBGGOOMBOLLBNMPDKDNPJDIMGOFIODLFBMCPGKOPCGGBAHKKHOOPDNBLKBLOHGK</LOG>
<LOG>HNLHDFGCMLMNDEHAICJABKIKOPGNNHEFCKPGADHCFAIDODOMNPBEACMIEPPLKFDCFMBGGOOMBOLLBNMPDKDNPJDIMGOFIODLGBHCGBFGBDACNEIJGPACGMPCOBEDJLFPCPNLPIPKJPBBMAKB</LOG>
<LOG>HNLHDFGCMLMNDEHAHJGMNIBAEDEOPGPFCKPGADHCFAIDODOMNPBEACMIEPPLKFDCFMBGGOOMBOLLBNMPMCBCAONPDLCPJJMHGILGEEKICPACGCBMAEIKLPHFPGDDBJGIJHGBHDDHALBGHFIJ</LOG>
<LOG>HNLHDFGCMLMNDEHAHJGMNIBAEDEOPGPFCKPGADHCFAIDODOMNPBEACMIEPPLKFDCFMBGGOOMBOLLBNMPPFKMJPCCEDMANDBFHBJECHDIEDIEIBKLNHOBFEGNLEHDJJMABMLMKKPBFBODJFHFFEADGIENMGGLFOBN</LOG>
<LOG>HNLHDFGCMLMNDEHACKMHGDOKPNEBHMLLCKPGADHCFAIDODOMNPBEACMIEPPLKFDCFMBGGOOMBOLLBNMPMCBCAONPDLCPJJMHGILGEEKICPACGCBMMJMOAGGFFCPFJJKFKNGODDMMMGLMNCOC</LOG>
<LOG>HNLHDFGCMLMNDEHACKMHGDOKPNEBHMLLCKPGADHCFAIDODOMNPBEACMIEPPLKFDCFMBGGOOMBOLLBNMPLCGCPHCAFPJGGHNIAGEDBCDJBBDEOFPKPANPJHIAEFCOLNGL</LOG>
<LOG>HNLHDFGCMLMNDEHACKMHGDOKPNEBHMLLCKPGADHCFAIDODOMNPBEACMIEPPLKFDCFMBGGOOMBOLLBNMPMCBCAONPDLCPJJMHGILGEEKICPACGCBMPJPICDAHHBNCLDIKCHELMJOGOGMDMHNJ</LOG>
<LOG>HNLHDFGCMLMNDEHACKMHGDOKPNEBHMLLCKPGADHCFAIDODOMNPBEACMIEPPLKFDCFMBGGOOMBOLLBNMPPFKMJPCCEDMANDBFHBJECHDIEDIEIBKLIHBFMGEBFLNEMKMAJCAEMMFMFGBLFBMHBMLMKKPBFBODJFHFFEADGIENMGGLFOBN</LOG>
<LOG>HNLHDFGCMLMNDEHACKMHGDOKPNEBHMLLCKPGADHCFAIDODOMNPBEACMIEPPLKFDCFMBGGOOMBOLLBNMPMCBCAONPDLCPJJMHFJHDNGENHGKAEOPEECLEAJJIFDJOHEABBLNNHFPBHPBAMGOG</LOG>
<LOG>HNLHDFGCMLMNDEHACKMHGDOKPNEBHMLLCKPGADHCFAIDODOMNPBEACMIEPPLKFDCFMBGGOOMBOLLBNMPPFKMJPCCEDMANDBFHBJECHDIEDIEIBKLMDAHNNCKLDNAOPACDAJFENENDKNFHEJGHCGIBADAJHJBBBEPHJAOENFGAMCAAEKK</LOG>
<LOG>HNLHDFGCMLMNDEHACKJPPILHHHFOFGDICKPGADHCFAIDODOMNPBEACMIEPPLKFDCFMBGGOOMBOLLBNMPMCBCAONPDLCPJJMHDHJJJOAPGGLBIMIKCIFMNDDNJBADEHBIGHDBEMFFFFIHJELH</LOG>
<LOG>HNLHDFGCMLMNDEHACKJPPILHHHFOFGDICKPGADHCFAIDODOMNPBEACMIEPPLKFDCFMBGGOOMBOLLBNMPJIPJNKKIJBAMGHOKHPHGKBKLKAIEPEONCBJNEPMFGJFKPAFDBGIGOAFMJONDCBBBJHLLDOIKJJODOOKMCJGCGJJBDCBKEMJKCHBOJHDMNCCBCIGOJNGFMOCHDDNCFPNODDCGHAEFFIJNBJMPOFPANLCLPGIBBPPDLJKNCNCNOFDABKAECKDHEKEMLNFLCLFMHDBCCCEEJGPIDKLH</LOG>
<LOG>HNLHDFGCMLMNDEHACKJPPILHHHFOFGDICKPGADHCFAIDODOMNPBEACMIEPPLKFDCFMBGGOOMBOLLBNMPBGAIPOALPJLKFODBMFOILAFJFJHILKEGOEJCMGGDJJBCPGBOOCAHAOBFLJMACKCN</LOG>
<LOG>HNLHDFGCMLMNDEHACKJPPILHHHFOFGDICKPGADHCFAIDODOMNPBEACMIEPPLKFDCFMBGGOOMBOLLBNMPDOMAIPNEELGHJAFMJBIMEGKHKMDBNDAICFKGCCHBJCOMMJFE</LOG>
01:22:42.710 00002090  <log> [wsimage]  LoadCalibration rc=0 profiling=12(ms)
01:22:42.710 00002090  <log> [_wsapi_]  -ws_create_waveshaper rc=0
01:22:42.710 00002090  <log> [_wsapi_]  +ws_open_waveshaper ws=SN201904
01:22:42.710 00002090  <log> [wvshaper] OpenWaveShaper
01:22:43.440 00002090  <log> [portmgr]  Enum FT4232 <WS201904D,201904,0>
01:22:45.910 00002090  <log> [portmgr]  NLocatePort rc=0 profiling=3201(ms)
01:22:45.910 00002090  <dbg> [factory]  CreateModule cid=FTDIComPort iid=IPort
<LOG>PBHNFIMIGEJLAEOAFMNNKFOGCLIDJKIJCKPGADHCFAIDODOMIPMDONLIEEJPIHKAKJDAHCHDEEIACLIGINMBMMKAOELCIDDGHKIPKGHJNBGPFPAJAMIDABJKDCJIABMJGKFPMOOFOMCOHFHE</LOG>
<LOG>PBHNFIMIGEJLAEOAFMNNKFOGCLIDJKIJCKPGADHCFAIDODOMIPMDONLIEEJPIHKAKJDAHCHDEEIACLIGJAOMJAJKFNHHNGAGEHBGCGJJHENPOAOLOMEGEDHOABCHOLEBHGOIBMIAMGEDDDGM</LOG>
01:22:46.195 00002090  <dbg> [factory]  CreateModule cid=FTDISPIPort iid=IPort
<LOG>IBHLLHCAOIJBBGKMIMEEDCCJHMPNHPPECKPGADHCFAIDODOMIPMDONLIEEJPIHKAKJDAHCHDEEIACLIGPFJNCLJJPODABJONPIELBCLDGNHMEEONHOGAKGGMHGCKGEBE</LOG>
<LOG>IBHLLHCAOIJBBGKMIMEEDCCJHMPNHPPECKPGADHCFAIDODOMIPMDONLIEEJPIHKAKJDAHCHDEEIACLIGAJDLANJGOOMAKFNNPLCFOEOAAPDPODHOOBCGFIHBCJJCHJDJ</LOG>
<LOG>IBHLLHCAOIJBBGKMBLNNNKNJDFALKIJBCKPGADHCFAIDODOMIPMDONLIEEJPIHKAKJDAHCHDEEIACLIGLOLGMOOGBNMEMOFMIFCBFHGCMMJOMPLD</LOG>
<LOG>IBHLLHCAOIJBBGKMBLNNNKNJDFALKIJBCKPGADHCFAIDODOMIPMDONLIEEJPIHKAKJDAHCHDEEIACLIGIGIJOHFNOIFKPGNIPLCFOEOAAPDPODHOOBCGFIHBCJJCHJDJ</LOG>
<LOG>IBHLLHCAOIJBBGKMCCDMHHHLCMDOINGJCKPGADHCFAIDODOMIPMDONLIEEJPIHKAKJDAHCHDEEIACLIGNMGCFPOKNJMFJEOAIFCBFHGCMMJOMPLD</LOG>
<LOG>IBHLLHCAOIJBBGKMCCDMHHHLCMDOINGJCKPGADHCFAIDODOMIPMDONLIEEJPIHKAKJDAHCHDEEIACLIGIANDOOMKIOJJIFOMDKENEBMHELEHNJNIGHPNHLKBALKFFPLPELHJOKEIMKCBJHLFPLCCEPOOLKBACNCI</LOG>
<LOG>IBHLLHCAOIJBBGKMCCDMHHHLCMDOINGJCKPGADHCFAIDODOMIPMDONLIEEJPIHKAKJDAHCHDEEIACLIGINMBMMKAOELCIDDGHKIPKGHJNBGPFPAJMBPOMHHCKCLFODDDGKFPMOOFOMCOHFHE</LOG>
<LOG>IBHLLHCAOIJBBGKMCCDMHHHLCMDOINGJCKPGADHCFAIDODOMIPMDONLIEEJPIHKAKJDAHCHDEEIACLIGJAOMJAJKFNHHNGAGEHBGCGJJHENPOAOLDHBBDPMHBPEJJCPNHDDAAEAHMIHLNFIJ</LOG>
01:22:47.144 00002090  <log> [_wsapi_]  -ws_open_waveshaper rc=0
01:22:47.144 00002090  <log> [_wsapi_]  +ws_get_frequencyrange ws=SN201904
01:22:47.144 00002090  <log> [_wsapi_]  start=191.050003 stop=196.475006
01:22:47.144 00002090  <log> [_wsapi_]  -ws_get_frequencyrange rc=0
01:22:47.144 00002090  <log> [_wsapi_]  +ws_get_frequencyrange ws=SN201904
01:22:47.144 00002090  <log> [_wsapi_]  start=191.050003 stop=196.475006
01:22:47.144 00002090  <log> [_wsapi_]  -ws_get_frequencyrange rc=0
=======START LOGGING=======
01:45:49.031 00005c10  <log> [factory]  RegisterModule cls=WaveShaperImage
01:45:49.031 00005c10  <log> [factory]  RegisterModule cls=WaveShaper
01:45:49.031 00005c10  <log> [factory]  RegisterModule cls=WaveShaper
01:45:49.031 00005c10  <log> [factory]  RegisterModule cls=MemBuffer
01:45:49.031 00005c10  <log> [factory]  RegisterModule cls=FTDI_Cheetah_PortManager
01:45:49.031 00005c10  <dbg> [factory]  CreateModule cid=FTDI_Cheetah_PortManager iid=IPortManager
01:45:49.031 00005c10  <log> [factory]  RegisterModule cls=WSSimPort
01:45:49.031 00005c10  <log> [factory]  RegisterModule cls=ComPort
01:45:49.031 00005c10  <log> [factory]  RegisterModule cls=FTDIComPort
01:45:49.031 00005c10  <log> [factory]  RegisterModule cls=FTDISPIPort
01:45:49.031 00005c10  <log> [factory]  RegisterModule cls=CheetahSPIPort
01:45:49.031 00005c10  <log> [_wsapi_]  Initialize WaveShaperAPI, version=2.7.3
01:45:49.031 00005c10  <log> [_wsapi_]  +ws_create_waveshaper ws=SN201904
01:45:49.031 00005c10  <dbg> [factory]  CreateModule cid=WaveShaper iid=IWaveShaper
01:45:49.031 00005c10  <dbg> [factory]  CreateModule cid=WaveShaperImage iid=IWaveShaperImage
01:45:49.031 00005c10  <dbg> [factory]  CreateModule cid=MemBuffer iid=IMemBuffer
01:45:49.031 00005c10  <dbg> [factory]  CreateModule cid=MemBuffer iid=IMemBuffer
01:45:49.031 00005c10  <dbg> [factory]  CreateModule cid=MemBuffer iid=IMemBuffer
01:45:49.032 00005c10  <dbg> [factory]  CreateModule cid=MemBuffer iid=IMemBuffer
<LOG>LBHKFJPDKKIOHIBELKJNHMANIPJJLCCBONJBADDHNNEOJPDANPBEACMIEPPLKFDCFMBGGOOMBOLLBNMPCFEMJMGBPCIJILNLLOAHEAFPELDLPOHNJOBIPEOIOJFKPFOJ</LOG>
<LOG>LBHKFJPDKKIOHIBEFPOAGLMNDJJJKMJEONJBADDHNNEOJPDANPBEACMIEPPLKFDCFMBGGOOMBOLLBNMPCOCHOFBHBNCFGKPJKFFPFNEEDCDKMKIJHCBNHFJAPBHFOPLJFBOMDFNNNEHHDGOGMAEPKPFJCLGGOMDP</LOG>
<LOG>LBHKFJPDKKIOHIBEFPOAGLMNDJJJKMJEONJBADDHNNEOJPDANPBEACMIEPPLKFDCFMBGGOOMBOLLBNMPDKJBCIBBDFFIFJKPHAMAJIBDDHCEFJDG</LOG>
<LOG>LBHKFJPDKKIOHIBEFPOAGLMNDJJJKMJEONJBADDHNNEOJPDANPBEACMIEPPLKFDCFMBGGOOMBOLLBNMPDKJBCIBBDFFIFJKPAABBCFOHGONGLBOA</LOG>
<LOG>LBHKFJPDKKIOHIBEFPOAGLMNDJJJKMJEONJBADDHNNEOJPDANPBEACMIEPPLKFDCFMBGGOOMBOLLBNMPDKJBCIBBDFFIFJKPDLNDBLECAKONICKA</LOG>
<LOG>LBHKFJPDKKIOHIBEFPOAGLMNDJJJKMJEONJBADDHNNEOJPDANPBEACMIEPPLKFDCFMBGGOOMBOLLBNMPDKJBCIBBDFFIFJKPHONKGIGPAIFNEBMH</LOG>
<LOG>LBHKFJPDKKIOHIBEFPOAGLMNDJJJKMJEONJBADDHNNEOJPDANPBEACMIEPPLKFDCFMBGGOOMBOLLBNMPDKJBCIBBDFFIFJKPGLLLOELCCFHKEKLI</LOG>
<LOG>LBHKFJPDKKIOHIBEFPOAGLMNDJJJKMJEONJBADDHNNEOJPDANPBEACMIEPPLKFDCFMBGGOOMBOLLBNMPDKJBCIBBDFFIFJKPFHFJFDLJCCBKDKJO</LOG>
<LOG>LBHKFJPDKKIOHIBEFPOAGLMNDJJJKMJEONJBADDHNNEOJPDANPBEACMIEPPLKFDCFMBGGOOMBOLLBNMPDKJBCIBBDFFIFJKPIGDGJNJHNCLCGKNJ</LOG>
<LOG>LBHKFJPDKKIOHIBEFPOAGLMNDJJJKMJEONJBADDHNNEOJPDANPBEACMIEPPLKFDCFMBGGOOMBOLLBNMPDKJBCIBBDFFIFJKPLFBCNMEMCBBEOCGA</LOG>
<LOG>LBHKFJPDKKIOHIBEFPOAGLMNDJJJKMJEONJBADDHNNEOJPDANPBEACMIEPPLKFDCFMBGGOOMBOLLBNMPDKJBCIBBDFFIFJKPPDLHMLOLNLOPIMDK</LOG>
<LOG>LBHKFJPDKKIOHIBEFPOAGLMNDJJJKMJEONJBADDHNNEOJPDANPBEACMIEPPLKFDCFMBGGOOMBOLLBNMPDKJBCIBBDFFIFJKPAIPIJDDDPDAGHAKG</LOG>
<LOG>LBHKFJPDKKIOHIBEFPOAGLMNDJJJKMJEONJBADDHNNEOJPDANPBEACMIEPPLKFDCFMBGGOOMBOLLBNMPDKJBCIBBDFFIFJKPCIDKMDFJDEEACMCK</LOG>
<LOG>LBHKFJPDKKIOHIBEFPOAGLMNDJJJKMJEONJBADDHNNEOJPDANPBEACMIEPPLKFDCFMBGGOOMBOLLBNMPDKJBCIBBDFFIFJKPJMKBHALBFKHIDIPLCACDHMCAKBMBBIDJ</LOG>
<LOG>LBHKFJPDKKIOHIBEFPOAGLMNDJJJKMJEONJBADDHNNEOJPDANPBEACMIEPPLKFDCFMBGGOOMBOLLBNMPDKJBCIBBDFFIFJKPGCIJFKGBEJCAGBIC</LOG>
<LOG>LBHKFJPDKKIOHIBEFPOAGLMNDJJJKMJEONJBADDHNNEOJPDANPBEACMIEPPLKFDCFMBGGOOMBOLLBNMPDKJBCIBBDFFIFJKPOOMHMMMEJCOBCPOD</LOG>
<LOG>LBHKFJPDKKIOHIBEKECKGAENJLOMCCFLONJBADDHNNEOJPDANPBEACMIEPPLKFDCFMBGGOOMBOLLBNMPBINDNGBCPBPGGHGBJBIMEGKHKMDBNDAIAHKFEENGLIAJGFGI</LOG>
<LOG>LBHKFJPDKKIOHIBEKECKGAENJLOMCCFLONJBADDHNNEOJPDANPBEACMIEPPLKFDCFMBGGOOMBOLLBNMPPFKMJPCCEDMANDBFHBJECHDIEDIEIBKLBLPFFPPPLJIDFLLBEBOBJIKKHKHLOMID</LOG>
<LOG>LBHKFJPDKKIOHIBEKECKGAENJLOMCCFLONJBADDHNNEOJPDANPBEACMIEPPLKFDCFMBGGOOMBOLLBNMPMEIELENCDJDIAMLFALNKPNANOFLONBJDIAPMNMKLPCNOFGGLFODIOLFHKHGLALKL</LOG>
<LOG>LBHKFJPDKKIOHIBEKECKGAENJLOMCCFLONJBADDHNNEOJPDANPBEACMIEPPLKFDCFMBGGOOMBOLLBNMPDJOBPKKLOFGPMFMKIGHCIHKHEAGCHBGMPOGGPCDFMNBIHKKF</LOG>
<LOG>LBHKFJPDKKIOHIBEKECKGAENJLOMCCFLONJBADDHNNEOJPDANPBEACMIEPPLKFDCFMBGGOOMBOLLBNMPIFIBEFAFJGIHAKLAKEMLPMJDDBBFKBEBAGFFNACBLPILHPKO</LOG>
<LOG>LBHKFJPDKKIOHIBEKECKGAENJLOMCCFLONJBADDHNNEOJPDANPBEACMIEPPLKFDCFMBGGOOMBOLLBNMPDPLGPLHAOJJLPCPJJGEJJECEPDBNLNHCEHDDCIMALMAMAMJE</LOG>
<LOG>LBHKFJPDKKIOHIBEKECKGAENJLOMCCFLONJBADDHNNEOJPDANPBEACMIEPPLKFDCFMBGGOOMBOLLBNMPHHODADKCHAJFCPJLCIIBACOECNCAJMPHDPELPGFJGIKOFPGC</LOG>
<LOG>LBHKFJPDKKIOHIBEKECKGAENJLOMCCFLONJBADDHNNEOJPDANPBEACMIEPPLKFDCFMBGGOOMBOLLBNMPOGFFIEFFOPBNLFBBBLONLIJCDLMKIKIB</LOG>
<LOG>LBHKFJPDKKIOHIBEKECKGAENJLOMCCFLONJBADDHNNEOJPDANPBEACMIEPPLKFDCFMBGGOOMBOLLBNMPKMGKPJMMLLPBFFHPMOOMNLMNPMKBPFLD</LOG>
<LOG>LBHKFJPDKKIOHIBEKECKGAENJLOMCCFLONJBADDHNNEOJPDANPBEACMIEPPLKFDCFMBGGOOMBOLLBNMPDBIBEPIJGDNJLHPNKAILNBOICKECHLLHMMKHDHMMNNLGCNJKDAPCACICJAKIMGKOIKEDOBEALJLJMDFLJMKALENKIMEFBJHCIEELOMHGBFOFJCLL</LOG>
<LOG>LBHKFJPDKKIOHIBEKECKGAENJLOMCCFLONJBADDHNNEOJPDANPBEACMIEPPLKFDCFMBGGOOMBOLLBNMPBIBIGNGPADPJABHOHGJPPEIBBIHDNFCIKHOOPDNBLKBLOHGK</LOG>
<LOG>LBHKFJPDKKIOHIBEKECKGAENJLOMCCFLONJBADDHNNEOJPDANPBEACMIEPPLKFDCFMBGGOOMBOLLBNMPDPGPFNBLGNKMBJEJMOFAKJNNIMAAJBMPFACJOFGHNJJPAGEM</LOG>
<LOG>LBHKFJPDKKIOHIBEKECKGAENJLOMCCFLONJBADDHNNEOJPDANPBEACMIEPPLKFDCFMBGGOOMBOLLBNMPIFKIFKHLJHFGHOOBJADKGAOCGBOAOELFCFPIBPAPHDABLHCN</LOG>
<LOG>LBHKFJPDKKIOHIBEKECKGAENJLOMCCFLONJBADDHNNEOJPDANPBEACMIEPPLKFDCFMBGGOOMBOLLBNMPHLOKMCEKFDMACEPCLPDJPCHBMBJLNPNFCNJIOOIDBPOMPHFD</LOG>
<LOG>LBHKFJPDKKIOHIBEKECKGAENJLOMCCFLONJBADDHNNEOJPDANPBEACMIEPPLKFDCFMBGGOOMBOLLBNMPCMKJMGMAGMIGPGLILADCCDKLOGJLKNGHNDMHNGKLFGDHALLPEHALDCIIHIBOIJLDLCMHIIDCNAKACGJCALBBHONOBDFKGAHGKBBKMPOGJIIOPBOM</LOG>
<LOG>LBHKFJPDKKIOHIBEKECKGAENJLOMCCFLONJBADDHNNEOJPDANPBEACMIEPPLKFDCFMBGGOOMBOLLBNMPMCBCAONPDLCPJJMHGILGEEKICPACGCBMCCFINEMBPIAKLJJLFAOBENIMHOOKLLNNNILAINOOBBLNDNJBCHELMJOGOGMDMHNJ</LOG>
<LOG>LBHKFJPDKKIOHIBEKECKGAENJLOMCCFLONJBADDHNNEOJPDANPBEACMIEPPLKFDCFMBGGOOMBOLLBNMPCNCJNKCMIEJIPPNDJPNMEMPAEDNOANOFAHDAJCPDPDNBNAFD</LOG>
<LOG>LBHKFJPDKKIOHIBEKECKGAENJLOMCCFLONJBADDHNNEOJPDANPBEACMIEPPLKFDCFMBGGOOMBOLLBNMPFNFKJIKFOJJLDMLHNBKCDNIADKMPFBFADDLILBOGGLEGEMPM</LOG>
<LOG>LBHKFJPDKKIOHIBEKECKGAENJLOMCCFLONJBADDHNNEOJPDANPBEACMIEPPLKFDCFMBGGOOMBOLLBNMPNCEDBIHJDPLCOOIOBALAIDDHJDLJOKJC</LOG>
<LOG>LBHKFJPDKKIOHIBEKECKGAENJLOMCCFLONJBADDHNNEOJPDANPBEACMIEPPLKFDCFMBGGOOMBOLLBNMPAFPPHOBNEFGNBBHDGELLOPIFPPNBNOCOIELEEEMNLKMAIJKM</LOG>
<LOG>LBHKFJPDKKIOHIBEKECKGAENJLOMCCFLONJBADDHNNEOJPDANPBEACMIEPPLKFDCFMBGGOOMBOLLBNMPAKAAMMBJIBBMJMFKIHBCHFPACKGNIHLOEEPCPONNGMNKHIPF</LOG>
<LOG>LBHKFJPDKKIOHIBEKECKGAENJLOMCCFLONJBADDHNNEOJPDANPBEACMIEPPLKFDCFMBGGOOMBOLLBNMPKDIPNDCMFKMGMELIIKOBBKFKHEJHEFOGDCHIFMLIAPOKFFBGDEMFEOFNHILEHFGDFNJAKLFLIJJFKPECAAEMPFFLPILLCCGMBNLHMJCAMGNFKNAGDMCDLOEMIDPICIJF</LOG>
<LOG>LBHKFJPDKKIOHIBEKECKGAENJLOMCCFLONJBADDHNNEOJPDANPBEACMIEPPLKFDCFMBGGOOMBOLLBNMPPFKMJPCCEDMANDBFHBJECHDIEDIEIBKLBDBEGDIFOFCDBCGBPOCMNIEMIJPOMKOCNNPBIJCHFNJNNJEN</LOG>
<LOG>LBHKFJPDKKIOHIBENGCIEMIAJGLEOMDPONJBADDHNNEOJPDANPBEACMIEPPLKFDCFMBGGOOMBOLLBNMPPFKMJPCCEDMANDBFHBJECHDIEDIEIBKLNKPHBIEKIAMJKOAPKKFAIKGHGJPDFNLLJNOIGHGJPIPIBPKJHHGAEOLICDBGOMAL</LOG>
<LOG>LBHKFJPDKKIOHIBEKBKKCKAMGKFGJEKIONJBADDHNNEOJPDANPBEACMIEPPLKFDCFMBGGOOMBOLLBNMPMCBCAONPDLCPJJMHGILGEEKICPACGCBMJGMNIBPIGNJLIHFDPBAMDAINLOFPECPFEPNGLMPBEBMEPJDL</LOG>
<LOG>LBHKFJPDKKIOHIBEKBKKCKAMGKFGJEKIONJBADDHNNEOJPDANPBEACMIEPPLKFDCFMBGGOOMBOLLBNMPPFKMJPCCEDMANDBFHBJECHDIEDIEIBKLLHGNNMHLANNLKJAJAJNIPFEMBPFMHFPL</LOG>
<LOG>LBHKFJPDKKIOHIBEKBKKCKAMGKFGJEKIONJBADDHNNEOJPDANPBEACMIEPPLKFDCFMBGGOOMBOLLBNMPDKDNPJDIMGOFIODLFBMCPGKOPCGGBAHKKHOOPDNBLKBLOHGK</LOG>
<LOG>LBHKFJPDKKIOHIBEKBKKCKAMGKFGJEKIONJBADDHNNEOJPDANPBEACMIEPPLKFDCFMBGGOOMBOLLBNMPDKDNPJDIMGOFIODLGBHCGBFGBDACNEIJGPACGMPCOBEDJLFPCPNLPIPKJPBBMAKB</LOG>
<LOG>LBHKFJPDKKIOHIBEKMHHKHIMLHPLEIIOONJBADDHNNEOJPDANPBEACMIEPPLKFDCFMBGGOOMBOLLBNMPMCBCAONPDLCPJJMHGILGEEKICPACGCBMAEIKLPHFPGDDBJGIJHGBHDDHALBGHFIJ</LOG>
<LOG>LBHKFJPDKKIOHIBEKMHHKHIMLHPLEIIOONJBADDHNNEOJPDANPBEACMIEPPLKFDCFMBGGOOMBOLLBNMPPFKMJPCCEDMANDBFHBJECHDIEDIEIBKLNHOBFEGNLEHDJJMABMLMKKPBFBODJFHFFEADGIENMGGLFOBN</LOG>
<LOG>LBHKFJPDKKIOHIBEKMHHKHIMLHPLEIIOONJBADDHNNEOJPDANPBEACMIEPPLKFDCFMBGGOOMBOLLBNMPMCBCAONPDLCPJJMHGILGEEKICPACGCBMMJMOAGGFFCPFJJKFAANNJOJDAJKIJPJC</LOG>
<LOG>LBHKFJPDKKIOHIBEKMHHKHIMLHPLEIIOONJBADDHNNEOJPDANPBEACMIEPPLKFDCFMBGGOOMBOLLBNMPLCGCPHCAFPJGGHNIAGEDBCDJBBDEOFPKPANPJHIAEFCOLNGL</LOG>
<LOG>LBHKFJPDKKIOHIBEKMHHKHIMLHPLEIIOONJBADDHNNEOJPDANPBEACMIEPPLKFDCFMBGGOOMBOLLBNMPMCBCAONPDLCPJJMHGILGEEKICPACGCBMPJPICDAHHBNCLDIKCHELMJOGOGMDMHNJ</LOG>
<LOG>LBHKFJPDKKIOHIBEKMHHKHIMLHPLEIIOONJBADDHNNEOJPDANPBEACMIEPPLKFDCFMBGGOOMBOLLBNMPPFKMJPCCEDMANDBFHBJECHDIEDIEIBKLIHBFMGEBFLNEMKMAJCAEMMFMFGBLFBMHBMLMKKPBFBODJFHFFEADGIENMGGLFOBN</LOG>
<LOG>LBHKFJPDKKIOHIBEKMHHKHIMLHPLEIIOONJBADDHNNEOJPDANPBEACMIEPPLKFDCFMBGGOOMBOLLBNMPMCBCAONPDLCPJJMHFJHDNGENHGKAEOPEECLEAJJIFDJOHEABBLNNHFPBHPBAMGOG</LOG>
<LOG>LBHKFJPDKKIOHIBEKMHHKHIMLHPLEIIOONJBADDHNNEOJPDANPBEACMIEPPLKFDCFMBGGOOMBOLLBNMPPFKMJPCCEDMANDBFHBJECHDIEDIEIBKLMDAHNNCKLDNAOPACDAJFENENDKNFHEJGHCGIBADAJHJBBBEPHJAOENFGAMCAAEKK</LOG>
<LOG>LBHKFJPDKKIOHIBEKMHHKHIMLHPLEIIOONJBADDHNNEOJPDANPBEACMIEPPLKFDCFMBGGOOMBOLLBNMPMCBCAONPDLCPJJMHDHJJJOAPGGLBIMIKCIFMNDDNJBADEHBIOOGKKMDCJHHHIPEF</LOG>
<LOG>LBHKFJPDKKIOHIBEKMHHKHIMLHPLEIIOONJBADDHNNEOJPDANPBEACMIEPPLKFDCFMBGGOOMBOLLBNMPJIPJNKKIJBAMGHOKHPHGKBKLKAIEPEONCBJNEPMFGJFKPAFDBGIGOAFMJONDCBBBJHLLDOIKJJODOOKMCJGCGJJBDCBKEMJKCHBOJHDMNCCBCIGOJNGFMOCHDDNCFPNODDCGHAEFFIJNBJMPOFPANLCLPGIBBPPDLJKNCNCNOFDABKAECKDHEKEMLNFLCLFMHDBCCCEEJGPIDKLH</LOG>
<LOG>LBHKFJPDKKIOHIBEKMHHKHIMLHPLEIIOONJBADDHNNEOJPDANPBEACMIEPPLKFDCFMBGGOOMBOLLBNMPBGAIPOALPJLKFODBMFOILAFJFJHILKEGNBFENFEGEPDNIBKGPGABLEJGDNAFEFOO</LOG>
<LOG>LBHKFJPDKKIOHIBEKMHHKHIMLHPLEIIOONJBADDHNNEOJPDANPBEACMIEPPLKFDCFMBGGOOMBOLLBNMPDOMAIPNEELGHJAFMJBIMEGKHKMDBNDAIIOEAKAGPBLPODLLI</LOG>
01:45:49.055 00005c10  <log> [wsimage]  LoadCalibration rc=0 profiling=22(ms)
01:45:49.055 00005c10  <log> [_wsapi_]  -ws_create_waveshaper rc=0
01:45:49.055 00005c10  <log> [_wsapi_]  +ws_open_waveshaper ws=SN201904
01:45:49.055 00005c10  <log> [wvshaper] OpenWaveShaper
01:45:49.754 00005c10  <log> [portmgr]  Enum FT4232 <WS201904D,201904,0>
01:45:52.241 00005c10  <log> [portmgr]  NLocatePort rc=0 profiling=3186(ms)
01:45:52.241 00005c10  <dbg> [factory]  CreateModule cid=FTDIComPort iid=IPort
<LOG>CNJPFCHELDBDILNCNHILLBADLMKKHIGAONJBADDHNNEOJPDAIPMDONLIEEJPIHKAKJDAHCHDEEIACLIGINMBMMKAOELCIDDGHKIPKGHJNBGPFPAJAMIDABJKDCJIABMJGKFPMOOFOMCOHFHE</LOG>
<LOG>CNJPFCHELDBDILNCNHILLBADLMKKHIGAONJBADDHNNEOJPDAIPMDONLIEEJPIHKAKJDAHCHDEEIACLIGJAOMJAJKFNHHNGAGEHBGCGJJHENPOAOLAHNFMKFEHJBFOFDEACADPJMGJDPHJDEP</LOG>
01:45:52.538 00005c10  <dbg> [factory]  CreateModule cid=FTDISPIPort iid=IPort
<LOG>PIIKONFFNIIJNPGFCFKDAANKMBBMHLLGONJBADDHNNEOJPDAIPMDONLIEEJPIHKAKJDAHCHDEEIACLIGPFJNCLJJPODABJONPIELBCLDGNHMEEONHOGAKGGMHGCKGEBE</LOG>
<LOG>PIIKONFFNIIJNPGFCFKDAANKMBBMHLLGONJBADDHNNEOJPDAIPMDONLIEEJPIHKAKJDAHCHDEEIACLIGAJDLANJGOOMAKFNNPLCFOEOAAPDPODHOOBCGFIHBCJJCHJDJ</LOG>
<LOG>PIIKONFFNIIJNPGFAAMCDOMCEDAGECFEONJBADDHNNEOJPDAIPMDONLIEEJPIHKAKJDAHCHDEEIACLIGLOLGMOOGBNMEMOFMIFCBFHGCMMJOMPLD</LOG>
<LOG>PIIKONFFNIIJNPGFAAMCDOMCEDAGECFEONJBADDHNNEOJPDAIPMDONLIEEJPIHKAKJDAHCHDEEIACLIGIGIJOHFNOIFKPGNIPLCFOEOAAPDPODHOOBCGFIHBCJJCHJDJ</LOG>
<LOG>PIIKONFFNIIJNPGFNHCMILEEEDIHAIIFONJBADDHNNEOJPDAIPMDONLIEEJPIHKAKJDAHCHDEEIACLIGNMGCFPOKNJMFJEOAIFCBFHGCMMJOMPLD</LOG>
<LOG>PIIKONFFNIIJNPGFNHCMILEEEDIHAIIFONJBADDHNNEOJPDAIPMDONLIEEJPIHKAKJDAHCHDEEIACLIGIANDOOMKIOJJIFOMDKENEBMHELEHNJNIGHPNHLKBALKFFPLPELHJOKEIMKCBJHLFPLCCEPOOLKBACNCI</LOG>
<LOG>PIIKONFFNIIJNPGFNHCMILEEEDIHAIIFONJBADDHNNEOJPDAIPMDONLIEEJPIHKAKJDAHCHDEEIACLIGINMBMMKAOELCIDDGHKIPKGHJNBGPFPAJMBPOMHHCKCLFODDDGKFPMOOFOMCOHFHE</LOG>
<LOG>PIIKONFFNIIJNPGFNHCMILEEEDIHAIIFONJBADDHNNEOJPDAIPMDONLIEEJPIHKAKJDAHCHDEEIACLIGJAOMJAJKFNHHNGAGEHBGCGJJHENPOAOLCDCJAIIOEKEKALBPJKJDFIOFNILBCAGN</LOG>
01:45:53.474 00005c10  <log> [_wsapi_]  -ws_open_waveshaper rc=0
01:45:53.474 00005c10  <log> [_wsapi_]  +ws_get_frequencyrange ws=SN201904
01:45:53.474 00005c10  <log> [_wsapi_]  start=191.050003 stop=196.475006
01:45:53.474 00005c10  <log> [_wsapi_]  -ws_get_frequencyrange rc=0
01:45:53.474 00005c10  <log> [_wsapi_]  +ws_get_frequencyrange ws=SN201904
01:45:53.474 00005c10  <log> [_wsapi_]  start=191.050003 stop=196.475006
01:45:53.474 00005c10  <log> [_wsapi_]  -ws_get_frequencyrange rc=0
=======START LOGGING=======
01:48:29.138 00005a98  <log> [factory]  RegisterModule cls=WaveShaperImage
01:48:29.138 00005a98  <log> [factory]  RegisterModule cls=WaveShaper
01:48:29.138 00005a98  <log> [factory]  RegisterModule cls=WaveShaper
01:48:29.138 00005a98  <log> [factory]  RegisterModule cls=MemBuffer
01:48:29.138 00005a98  <log> [factory]  RegisterModule cls=FTDI_Cheetah_PortManager
01:48:29.138 00005a98  <dbg> [factory]  CreateModule cid=FTDI_Cheetah_PortManager iid=IPortManager
01:48:29.138 00005a98  <log> [factory]  RegisterModule cls=WSSimPort
01:48:29.138 00005a98  <log> [factory]  RegisterModule cls=ComPort
01:48:29.138 00005a98  <log> [factory]  RegisterModule cls=FTDIComPort
01:48:29.138 00005a98  <log> [factory]  RegisterModule cls=FTDISPIPort
01:48:29.138 00005a98  <log> [factory]  RegisterModule cls=CheetahSPIPort
01:48:29.138 00005a98  <log> [_wsapi_]  Initialize WaveShaperAPI, version=2.7.3
01:48:29.138 00005a98  <log> [_wsapi_]  +ws_create_waveshaper ws=SN201904
01:48:29.138 00005a98  <dbg> [factory]  CreateModule cid=WaveShaper iid=IWaveShaper
01:48:29.138 00005a98  <dbg> [factory]  CreateModule cid=WaveShaperImage iid=IWaveShaperImage
01:48:29.138 00005a98  <dbg> [factory]  CreateModule cid=MemBuffer iid=IMemBuffer
01:48:29.138 00005a98  <dbg> [factory]  CreateModule cid=MemBuffer iid=IMemBuffer
01:48:29.138 00005a98  <dbg> [factory]  CreateModule cid=MemBuffer iid=IMemBuffer
01:48:29.138 00005a98  <dbg> [factory]  CreateModule cid=MemBuffer iid=IMemBuffer
<LOG>AMELGJJFNNMPDBEKPHJJPPLAFLNLPLBOBAOEBGNBAEAKIHBHNPBEACMIEPPLKFDCFMBGGOOMBOLLBNMPCFEMJMGBPCIJILNLLOAHEAFPELDLPOHNJOBIPEOIOJFKPFOJ</LOG>
<LOG>AMELGJJFNNMPDBEKIMAKBNMJIMMOLFNOBAOEBGNBAEAKIHBHNPBEACMIEPPLKFDCFMBGGOOMBOLLBNMPCOCHOFBHBNCFGKPJKFFPFNEEDCDKMKIJHCBNHFJAPBHFOPLJFBOMDFNNNEHHDGOGMAEPKPFJCLGGOMDP</LOG>
<LOG>AMELGJJFNNMPDBEKIMAKBNMJIMMOLFNOBAOEBGNBAEAKIHBHNPBEACMIEPPLKFDCFMBGGOOMBOLLBNMPDKJBCIBBDFFIFJKPHAMAJIBDDHCEFJDG</LOG>
<LOG>AMELGJJFNNMPDBEKIMAKBNMJIMMOLFNOBAOEBGNBAEAKIHBHNPBEACMIEPPLKFDCFMBGGOOMBOLLBNMPDKJBCIBBDFFIFJKPAABBCFOHGONGLBOA</LOG>
<LOG>AMELGJJFNNMPDBEKIMAKBNMJIMMOLFNOBAOEBGNBAEAKIHBHNPBEACMIEPPLKFDCFMBGGOOMBOLLBNMPDKJBCIBBDFFIFJKPDLNDBLECAKONICKA</LOG>
<LOG>AMELGJJFNNMPDBEKIMAKBNMJIMMOLFNOBAOEBGNBAEAKIHBHNPBEACMIEPPLKFDCFMBGGOOMBOLLBNMPDKJBCIBBDFFIFJKPHONKGIGPAIFNEBMH</LOG>
<LOG>AMELGJJFNNMPDBEKIMAKBNMJIMMOLFNOBAOEBGNBAEAKIHBHNPBEACMIEPPLKFDCFMBGGOOMBOLLBNMPDKJBCIBBDFFIFJKPGLLLOELCCFHKEKLI</LOG>
<LOG>AMELGJJFNNMPDBEKIMAKBNMJIMMOLFNOBAOEBGNBAEAKIHBHNPBEACMIEPPLKFDCFMBGGOOMBOLLBNMPDKJBCIBBDFFIFJKPFHFJFDLJCCBKDKJO</LOG>
<LOG>AMELGJJFNNMPDBEKIMAKBNMJIMMOLFNOBAOEBGNBAEAKIHBHNPBEACMIEPPLKFDCFMBGGOOMBOLLBNMPDKJBCIBBDFFIFJKPIGDGJNJHNCLCGKNJ</LOG>
<LOG>AMELGJJFNNMPDBEKIMAKBNMJIMMOLFNOBAOEBGNBAEAKIHBHNPBEACMIEPPLKFDCFMBGGOOMBOLLBNMPDKJBCIBBDFFIFJKPLFBCNMEMCBBEOCGA</LOG>
<LOG>AMELGJJFNNMPDBEKIMAKBNMJIMMOLFNOBAOEBGNBAEAKIHBHNPBEACMIEPPLKFDCFMBGGOOMBOLLBNMPDKJBCIBBDFFIFJKPPDLHMLOLNLOPIMDK</LOG>
<LOG>AMELGJJFNNMPDBEKIMAKBNMJIMMOLFNOBAOEBGNBAEAKIHBHNPBEACMIEPPLKFDCFMBGGOOMBOLLBNMPDKJBCIBBDFFIFJKPAIPIJDDDPDAGHAKG</LOG>
<LOG>AMELGJJFNNMPDBEKIMAKBNMJIMMOLFNOBAOEBGNBAEAKIHBHNPBEACMIEPPLKFDCFMBGGOOMBOLLBNMPDKJBCIBBDFFIFJKPCIDKMDFJDEEACMCK</LOG>
<LOG>AMELGJJFNNMPDBEKIMAKBNMJIMMOLFNOBAOEBGNBAEAKIHBHNPBEACMIEPPLKFDCFMBGGOOMBOLLBNMPDKJBCIBBDFFIFJKPJMKBHALBFKHIDIPLCACDHMCAKBMBBIDJ</LOG>
<LOG>AMELGJJFNNMPDBEKIMAKBNMJIMMOLFNOBAOEBGNBAEAKIHBHNPBEACMIEPPLKFDCFMBGGOOMBOLLBNMPDKJBCIBBDFFIFJKPGCIJFKGBEJCAGBIC</LOG>
<LOG>AMELGJJFNNMPDBEKIMAKBNMJIMMOLFNOBAOEBGNBAEAKIHBHNPBEACMIEPPLKFDCFMBGGOOMBOLLBNMPDKJBCIBBDFFIFJKPOOMHMMMEJCOBCPOD</LOG>
<LOG>AMELGJJFNNMPDBEKLBOPNECBCJEHPHNBBAOEBGNBAEAKIHBHNPBEACMIEPPLKFDCFMBGGOOMBOLLBNMPBINDNGBCPBPGGHGBJBIMEGKHKMDBNDAIAHKFEENGLIAJGFGI</LOG>
<LOG>AMELGJJFNNMPDBEKLBOPNECBCJEHPHNBBAOEBGNBAEAKIHBHNPBEACMIEPPLKFDCFMBGGOOMBOLLBNMPPFKMJPCCEDMANDBFHBJECHDIEDIEIBKLBLPFFPPPLJIDFLLBEBOBJIKKHKHLOMID</LOG>
<LOG>AMELGJJFNNMPDBEKLBOPNECBCJEHPHNBBAOEBGNBAEAKIHBHNPBEACMIEPPLKFDCFMBGGOOMBOLLBNMPMEIELENCDJDIAMLFALNKPNANOFLONBJDIAPMNMKLPCNOFGGLFODIOLFHKHGLALKL</LOG>
<LOG>AMELGJJFNNMPDBEKLBOPNECBCJEHPHNBBAOEBGNBAEAKIHBHNPBEACMIEPPLKFDCFMBGGOOMBOLLBNMPDJOBPKKLOFGPMFMKIGHCIHKHEAGCHBGMPOGGPCDFMNBIHKKF</LOG>
<LOG>AMELGJJFNNMPDBEKLBOPNECBCJEHPHNBBAOEBGNBAEAKIHBHNPBEACMIEPPLKFDCFMBGGOOMBOLLBNMPIFIBEFAFJGIHAKLAKEMLPMJDDBBFKBEBAGFFNACBLPILHPKO</LOG>
<LOG>AMELGJJFNNMPDBEKLBOPNECBCJEHPHNBBAOEBGNBAEAKIHBHNPBEACMIEPPLKFDCFMBGGOOMBOLLBNMPDPLGPLHAOJJLPCPJJGEJJECEPDBNLNHCEHDDCIMALMAMAMJE</LOG>
<LOG>AMELGJJFNNMPDBEKLBOPNECBCJEHPHNBBAOEBGNBAEAKIHBHNPBEACMIEPPLKFDCFMBGGOOMBOLLBNMPHHODADKCHAJFCPJLCIIBACOECNCAJMPHDPELPGFJGIKOFPGC</LOG>
<LOG>AMELGJJFNNMPDBEKLBOPNECBCJEHPHNBBAOEBGNBAEAKIHBHNPBEACMIEPPLKFDCFMBGGOOMBOLLBNMPOGFFIEFFOPBNLFBBBLONLIJCDLMKIKIB</LOG>
<LOG>AMELGJJFNNMPDBEKLBOPNECBCJEHPHNBBAOEBGNBAEAKIHBHNPBEACMIEPPLKFDCFMBGGOOMBOLLBNMPKMGKPJMMLLPBFFHPMOOMNLMNPMKBPFLD</LOG>
<LOG>AMELGJJFNNMPDBEKPEGOJFOLGAIDNJIABAOEBGNBAEAKIHBHNPBEACMIEPPLKFDCFMBGGOOMBOLLBNMPDBIBEPIJGDNJLHPNKAILNBOICKECHLLHMMKHDHMMNNLGCNJKDAPCACICJAKIMGKOIKEDOBEALJLJMDFLJMKALENKIMEFBJHCIEELOMHGBFOFJCLL</LOG>
<LOG>AMELGJJFNNMPDBEKPEGOJFOLGAIDNJIABAOEBGNBAEAKIHBHNPBEACMIEPPLKFDCFMBGGOOMBOLLBNMPBIBIGNGPADPJABHOHGJPPEIBBIHDNFCIKHOOPDNBLKBLOHGK</LOG>
<LOG>AMELGJJFNNMPDBEKPEGOJFOLGAIDNJIABAOEBGNBAEAKIHBHNPBEACMIEPPLKFDCFMBGGOOMBOLLBNMPDPGPFNBLGNKMBJEJMOFAKJNNIMAAJBMPFACJOFGHNJJPAGEM</LOG>
<LOG>AMELGJJFNNMPDBEKPEGOJFOLGAIDNJIABAOEBGNBAEAKIHBHNPBEACMIEPPLKFDCFMBGGOOMBOLLBNMPIFKIFKHLJHFGHOOBJADKGAOCGBOAOELFCFPIBPAPHDABLHCN</LOG>
<LOG>AMELGJJFNNMPDBEKPEGOJFOLGAIDNJIABAOEBGNBAEAKIHBHNPBEACMIEPPLKFDCFMBGGOOMBOLLBNMPHLOKMCEKFDMACEPCLPDJPCHBMBJLNPNFCNJIOOIDBPOMPHFD</LOG>
<LOG>AMELGJJFNNMPDBEKPEGOJFOLGAIDNJIABAOEBGNBAEAKIHBHNPBEACMIEPPLKFDCFMBGGOOMBOLLBNMPCMKJMGMAGMIGPGLILADCCDKLOGJLKNGHNDMHNGKLFGDHALLPEHALDCIIHIBOIJLDLCMHIIDCNAKACGJCALBBHONOBDFKGAHGKBBKMPOGJIIOPBOM</LOG>
<LOG>AMELGJJFNNMPDBEKPEGOJFOLGAIDNJIABAOEBGNBAEAKIHBHNPBEACMIEPPLKFDCFMBGGOOMBOLLBNMPMCBCAONPDLCPJJMHGILGEEKICPACGCBMCCFINEMBPIAKLJJLFAOBENIMHOOKLLNNFJPMINGGEEJDAJJMCHELMJOGOGMDMHNJ</LOG>
<LOG>AMELGJJFNNMPDBEKPEGOJFOLGAIDNJIABAOEBGNBAEAKIHBHNPBEACMIEPPLKFDCFMBGGOOMBOLLBNMPCNCJNKCMIEJIPPNDJPNMEMPAEDNOANOFAHDAJCPDPDNBNAFD</LOG>
<LOG>AMELGJJFNNMPDBEKPEGOJFOLGAIDNJIABAOEBGNBAEAKIHBHNPBEACMIEPPLKFDCFMBGGOOMBOLLBNMPFNFKJIKFOJJLDMLHNBKCDNIADKMPFBFADDLILBOGGLEGEMPM</LOG>
<LOG>AMELGJJFNNMPDBEKPEGOJFOLGAIDNJIABAOEBGNBAEAKIHBHNPBEACMIEPPLKFDCFMBGGOOMBOLLBNMPNCEDBIHJDPLCOOIOBALAIDDHJDLJOKJC</LOG>
<LOG>AMELGJJFNNMPDBEKPEGOJFOLGAIDNJIABAOEBGNBAEAKIHBHNPBEACMIEPPLKFDCFMBGGOOMBOLLBNMPAFPPHOBNEFGNBBHDGELLOPIFPPNBNOCOIELEEEMNLKMAIJKM</LOG>
<LOG>AMELGJJFNNMPDBEKPEGOJFOLGAIDNJIABAOEBGNBAEAKIHBHNPBEACMIEPPLKFDCFMBGGOOMBOLLBNMPAKAAMMBJIBBMJMFKIHBCHFPACKGNIHLOEEPCPONNGMNKHIPF</LOG>
<LOG>AMELGJJFNNMPDBEKPEGOJFOLGAIDNJIABAOEBGNBAEAKIHBHNPBEACMIEPPLKFDCFMBGGOOMBOLLBNMPKDIPNDCMFKMGMELIIKOBBKFKHEJHEFOGDCHIFMLIAPOKFFBGDEMFEOFNHILEHFGDFNJAKLFLIJJFKPECAAEMPFFLPILLCCGMBNLHMJCAMGNFKNAGDMCDLOEMIDPICIJF</LOG>
<LOG>AMELGJJFNNMPDBEKPEGOJFOLGAIDNJIABAOEBGNBAEAKIHBHNPBEACMIEPPLKFDCFMBGGOOMBOLLBNMPPFKMJPCCEDMANDBFHBJECHDIEDIEIBKLBDBEGDIFOFCDBCGBPOCMNIEMIJPOMKOCNNPBIJCHFNJNNJEN</LOG>
<LOG>AMELGJJFNNMPDBEKPDNBMJFJPOILKEPDBAOEBGNBAEAKIHBHNPBEACMIEPPLKFDCFMBGGOOMBOLLBNMPPFKMJPCCEDMANDBFHBJECHDIEDIEIBKLNKPHBIEKIAMJKOAPKKFAIKGHGJPDFNLLJNOIGHGJPIPIBPKJHHGAEOLICDBGOMAL</LOG>
<LOG>AMELGJJFNNMPDBEKABAGGLJFIFMLPCBIBAOEBGNBAEAKIHBHNPBEACMIEPPLKFDCFMBGGOOMBOLLBNMPMCBCAONPDLCPJJMHGILGEEKICPACGCBMJGMNIBPIGNJLIHFDPBAMDAINLOFPECPFEPNGLMPBEBMEPJDL</LOG>
<LOG>AMELGJJFNNMPDBEKABAGGLJFIFMLPCBIBAOEBGNBAEAKIHBHNPBEACMIEPPLKFDCFMBGGOOMBOLLBNMPPFKMJPCCEDMANDBFHBJECHDIEDIEIBKLLHGNNMHLANNLKJAJAJNIPFEMBPFMHFPL</LOG>
<LOG>AMELGJJFNNMPDBEKABAGGLJFIFMLPCBIBAOEBGNBAEAKIHBHNPBEACMIEPPLKFDCFMBGGOOMBOLLBNMPDKDNPJDIMGOFIODLFBMCPGKOPCGGBAHKKHOOPDNBLKBLOHGK</LOG>
<LOG>AMELGJJFNNMPDBEKABAGGLJFIFMLPCBIBAOEBGNBAEAKIHBHNPBEACMIEPPLKFDCFMBGGOOMBOLLBNMPDKDNPJDIMGOFIODLGBHCGBFGBDACNEIJGPACGMPCOBEDJLFPCPNLPIPKJPBBMAKB</LOG>
<LOG>AMELGJJFNNMPDBEKGMMELBBGOMLPILINBAOEBGNBAEAKIHBHNPBEACMIEPPLKFDCFMBGGOOMBOLLBNMPMCBCAONPDLCPJJMHGILGEEKICPACGCBMAEIKLPHFPGDDBJGIJHGBHDDHALBGHFIJ</LOG>
<LOG>AMELGJJFNNMPDBEKGMMELBBGOMLPILINBAOEBGNBAEAKIHBHNPBEACMIEPPLKFDCFMBGGOOMBOLLBNMPPFKMJPCCEDMANDBFHBJECHDIEDIEIBKLNHOBFEGNLEHDJJMABMLMKKPBFBODJFHFFEADGIENMGGLFOBN</LOG>
<LOG>AMELGJJFNNMPDBEKGMMELBBGOMLPILINBAOEBGNBAEAKIHBHNPBEACMIEPPLKFDCFMBGGOOMBOLLBNMPMCBCAONPDLCPJJMHGILGEEKICPACGCBMMJMOAGGFFCPFJJKFAANNJOJDAJKIJPJC</LOG>
<LOG>AMELGJJFNNMPDBEKGMMELBBGOMLPILINBAOEBGNBAEAKIHBHNPBEACMIEPPLKFDCFMBGGOOMBOLLBNMPLCGCPHCAFPJGGHNIAGEDBCDJBBDEOFPKPANPJHIAEFCOLNGL</LOG>
<LOG>AMELGJJFNNMPDBEKGMMELBBGOMLPILINBAOEBGNBAEAKIHBHNPBEACMIEPPLKFDCFMBGGOOMBOLLBNMPMCBCAONPDLCPJJMHGILGEEKICPACGCBMPJPICDAHHBNCLDIKCHELMJOGOGMDMHNJ</LOG>
<LOG>AMELGJJFNNMPDBEKGMMELBBGOMLPILINBAOEBGNBAEAKIHBHNPBEACMIEPPLKFDCFMBGGOOMBOLLBNMPPFKMJPCCEDMANDBFHBJECHDIEDIEIBKLIHBFMGEBFLNEMKMAJCAEMMFMFGBLFBMHBMLMKKPBFBODJFHFFEADGIENMGGLFOBN</LOG>
<LOG>AMELGJJFNNMPDBEKDEJCJJFBFMPEKJCNBAOEBGNBAEAKIHBHNPBEACMIEPPLKFDCFMBGGOOMBOLLBNMPMCBCAONPDLCPJJMHFJHDNGENHGKAEOPEEEHBJGCLDLOFLKAABLNNHFPBHPBAMGOG</LOG>
<LOG>AMELGJJFNNMPDBEKDEJCJJFBFMPEKJCNBAOEBGNBAEAKIHBHNPBEACMIEPPLKFDCFMBGGOOMBOLLBNMPPFKMJPCCEDMANDBFHBJECHDIEDIEIBKLMDAHNNCKLDNAOPACDAJFENENDKNFHEJGHCGIBADAJHJBBBEPHJAOENFGAMCAAEKK</LOG>
<LOG>AMELGJJFNNMPDBEKDEJCJJFBFMPEKJCNBAOEBGNBAEAKIHBHNPBEACMIEPPLKFDCFMBGGOOMBOLLBNMPMCBCAONPDLCPJJMHDHJJJOAPGGLBIMIKCIFMNDDNJBADEHBIOOGKKMDCJHHHIPEF</LOG>
<LOG>AMELGJJFNNMPDBEKDEJCJJFBFMPEKJCNBAOEBGNBAEAKIHBHNPBEACMIEPPLKFDCFMBGGOOMBOLLBNMPJIPJNKKIJBAMGHOKHPHGKBKLKAIEPEONCBJNEPMFGJFKPAFDBGIGOAFMJONDCBBBJHLLDOIKJJODOOKMCJGCGJJBDCBKEMJKCHBOJHDMNCCBCIGOJNGFMOCHDDNCFPNODDCGHAEFFIJNBJMPOFPANLCLPGIBBPPDLJKNCNCNOFDABKAECKDHEKEMLNFLCLFMHDBCCCEEJGPIDKLH</LOG>
<LOG>AMELGJJFNNMPDBEKDEJCJJFBFMPEKJCNBAOEBGNBAEAKIHBHNPBEACMIEPPLKFDCFMBGGOOMBOLLBNMPBGAIPOALPJLKFODBMFOILAFJFJHILKEGPEFABJOCFMCKJPOFKBNHAHJDOEOLIIMM</LOG>
<LOG>AMELGJJFNNMPDBEKDEJCJJFBFMPEKJCNBAOEBGNBAEAKIHBHNPBEACMIEPPLKFDCFMBGGOOMBOLLBNMPDOMAIPNEELGHJAFMJBIMEGKHKMDBNDAIHADPMBNFBFKMNFNK</LOG>
01:48:29.155 00005a98  <log> [wsimage]  LoadCalibration rc=0 profiling=16(ms)
01:48:29.155 00005a98  <log> [_wsapi_]  -ws_create_waveshaper rc=0
01:48:29.155 00005a98  <log> [_wsapi_]  +ws_open_waveshaper ws=SN201904
01:48:29.155 00005a98  <log> [wvshaper] OpenWaveShaper
01:48:29.914 00005a98  <log> [portmgr]  Enum FT4232 <WS201904D,201904,0>
01:48:32.393 00005a98  <log> [portmgr]  NLocatePort rc=0 profiling=3239(ms)
01:48:32.393 00005a98  <dbg> [factory]  CreateModule cid=FTDIComPort iid=IPort
<LOG>AEAJOEKPBIAFNOFAEOGHOFIOKGKPFGLMBAOEBGNBAEAKIHBHIPMDONLIEEJPIHKAKJDAHCHDEEIACLIGINMBMMKAOELCIDDGHKIPKGHJNBGPFPAJAMIDABJKDCJIABMJGKFPMOOFOMCOHFHE</LOG>
<LOG>AEAJOEKPBIAFNOFAEOGHOFIOKGKPFGLMBAOEBGNBAEAKIHBHIPMDONLIEEJPIHKAKJDAHCHDEEIACLIGJAOMJAJKFNHHNGAGEHBGCGJJHENPOAOLACCNLAOGJLGIEAKNHGOIBMIAMGEDDDGM</LOG>
01:48:32.698 00005a98  <dbg> [factory]  CreateModule cid=FTDISPIPort iid=IPort
<LOG>GCAHJINLCGAHOGJHCBFEHHFDENENKKBBBAOEBGNBAEAKIHBHIPMDONLIEEJPIHKAKJDAHCHDEEIACLIGPFJNCLJJPODABJONPIELBCLDGNHMEEONHOGAKGGMHGCKGEBE</LOG>
<LOG>GCAHJINLCGAHOGJHCBFEHHFDENENKKBBBAOEBGNBAEAKIHBHIPMDONLIEEJPIHKAKJDAHCHDEEIACLIGAJDLANJGOOMAKFNNPLCFOEOAAPDPODHOOBCGFIHBCJJCHJDJ</LOG>
<LOG>GCAHJINLCGAHOGJHKDOPJDELJODNFOHDBAOEBGNBAEAKIHBHIPMDONLIEEJPIHKAKJDAHCHDEEIACLIGLOLGMOOGBNMEMOFMIFCBFHGCMMJOMPLD</LOG>
<LOG>GCAHJINLCGAHOGJHKDOPJDELJODNFOHDBAOEBGNBAEAKIHBHIPMDONLIEEJPIHKAKJDAHCHDEEIACLIGIGIJOHFNOIFKPGNIPLCFOEOAAPDPODHOOBCGFIHBCJJCHJDJ</LOG>
<LOG>GCAHJINLCGAHOGJHPDFDGEKLKDCCJGDGBAOEBGNBAEAKIHBHIPMDONLIEEJPIHKAKJDAHCHDEEIACLIGNMGCFPOKNJMFJEOAIFCBFHGCMMJOMPLD</LOG>
<LOG>GCAHJINLCGAHOGJHPDFDGEKLKDCCJGDGBAOEBGNBAEAKIHBHIPMDONLIEEJPIHKAKJDAHCHDEEIACLIGIANDOOMKIOJJIFOMDKENEBMHELEHNJNIGHPNHLKBALKFFPLPELHJOKEIMKCBJHLFPLCCEPOOLKBACNCI</LOG>
<LOG>GCAHJINLCGAHOGJHPDFDGEKLKDCCJGDGBAOEBGNBAEAKIHBHIPMDONLIEEJPIHKAKJDAHCHDEEIACLIGINMBMMKAOELCIDDGHKIPKGHJNBGPFPAJMBPOMHHCKCLFODDDGKFPMOOFOMCOHFHE</LOG>
<LOG>GCAHJINLCGAHOGJHPDFDGEKLKDCCJGDGBAOEBGNBAEAKIHBHIPMDONLIEEJPIHKAKJDAHCHDEEIACLIGJAOMJAJKFNHHNGAGEHBGCGJJHENPOAOLECHCLMLINHMGIFLDJHGBHDDHALBGHFIJ</LOG>
01:48:33.670 00005a98  <log> [_wsapi_]  -ws_open_waveshaper rc=0
01:48:33.670 00005a98  <log> [_wsapi_]  +ws_get_frequencyrange ws=SN201904
01:48:33.670 00005a98  <log> [_wsapi_]  start=191.050003 stop=196.475006
01:48:33.670 00005a98  <log> [_wsapi_]  -ws_get_frequencyrange rc=0
01:48:33.670 00005a98  <log> [_wsapi_]  +ws_get_frequencyrange ws=SN201904
01:48:33.670 00005a98  <log> [_wsapi_]  start=191.050003 stop=196.475006
01:48:33.670 00005a98  <log> [_wsapi_]  -ws_get_frequencyrange rc=0
